{"total": {"lines":{"total":48411,"covered":7023,"skipped":0,"pct":14.5},"statements":{"total":48411,"covered":7023,"skipped":0,"pct":14.5},"functions":{"total":964,"covered":438,"skipped":0,"pct":45.43},"branches":{"total":2068,"covered":1561,"skipped":0,"pct":75.48},"branchesTrue":{"total":0,"covered":0,"skipped":0,"pct":100}}
,"C:\\Users\\fjuni\\.copilot\\repos\\bolt.diy-standalone\\app\\entry.client.tsx": {"lines":{"total":6,"covered":0,"skipped":0,"pct":0},"functions":{"total":1,"covered":0,"skipped":0,"pct":0},"statements":{"total":6,"covered":0,"skipped":0,"pct":0},"branches":{"total":1,"covered":0,"skipped":0,"pct":0}}
,"C:\\Users\\fjuni\\.copilot\\repos\\bolt.diy-standalone\\app\\entry.server.tsx": {"lines":{"total":26,"covered":0,"skipped":0,"pct":0},"functions":{"total":1,"covered":0,"skipped":0,"pct":0},"statements":{"total":26,"covered":0,"skipped":0,"pct":0},"branches":{"total":1,"covered":0,"skipped":0,"pct":0}}
,"C:\\Users\\fjuni\\.copilot\\repos\\bolt.diy-standalone\\app\\root.tsx": {"lines":{"total":97,"covered":0,"skipped":0,"pct":0},"functions":{"total":1,"covered":0,"skipped":0,"pct":0},"statements":{"total":97,"covered":0,"skipped":0,"pct":0},"branches":{"total":1,"covered":0,"skipped":0,"pct":0}}
,"C:\\Users\\fjuni\\.copilot\\repos\\bolt.diy-standalone\\app\\components\\@settings\\index.ts": {"lines":{"total":1,"covered":0,"skipped":0,"pct":0},"functions":{"total":1,"covered":0,"skipped":0,"pct":0},"statements":{"total":1,"covered":0,"skipped":0,"pct":0},"branches":{"total":1,"covered":0,"skipped":0,"pct":0}}
,"C:\\Users\\fjuni\\.copilot\\repos\\bolt.diy-standalone\\app\\components\\@settings\\core\\AvatarDropdown.tsx": {"lines":{"total":138,"covered":0,"skipped":0,"pct":0},"functions":{"total":1,"covered":0,"skipped":0,"pct":0},"statements":{"total":138,"covered":0,"skipped":0,"pct":0},"branches":{"total":1,"covered":0,"skipped":0,"pct":0}}
,"C:\\Users\\fjuni\\.copilot\\repos\\bolt.diy-standalone\\app\\components\\@settings\\core\\ControlPanel.tsx": {"lines":{"total":252,"covered":0,"skipped":0,"pct":0},"functions":{"total":1,"covered":0,"skipped":0,"pct":0},"statements":{"total":252,"covered":0,"skipped":0,"pct":0},"branches":{"total":1,"covered":0,"skipped":0,"pct":0}}
,"C:\\Users\\fjuni\\.copilot\\repos\\bolt.diy-standalone\\app\\components\\@settings\\core\\constants.tsx": {"lines":{"total":81,"covered":0,"skipped":0,"pct":0},"functions":{"total":1,"covered":0,"skipped":0,"pct":0},"statements":{"total":81,"covered":0,"skipped":0,"pct":0},"branches":{"total":1,"covered":0,"skipped":0,"pct":0}}
,"C:\\Users\\fjuni\\.copilot\\repos\\bolt.diy-standalone\\app\\components\\@settings\\core\\types.ts": {"lines":{"total":33,"covered":0,"skipped":0,"pct":0},"functions":{"total":1,"covered":0,"skipped":0,"pct":0},"statements":{"total":33,"covered":0,"skipped":0,"pct":0},"branches":{"total":1,"covered":0,"skipped":0,"pct":0}}
,"C:\\Users\\fjuni\\.copilot\\repos\\bolt.diy-standalone\\app\\components\\@settings\\shared\\components\\TabTile.tsx": {"lines":{"total":118,"covered":0,"skipped":0,"pct":0},"functions":{"total":1,"covered":0,"skipped":0,"pct":0},"statements":{"total":118,"covered":0,"skipped":0,"pct":0},"branches":{"total":1,"covered":0,"skipped":0,"pct":0}}
,"C:\\Users\\fjuni\\.copilot\\repos\\bolt.diy-standalone\\app\\components\\@settings\\shared\\service-integration\\ConnectionForm.tsx": {"lines":{"total":140,"covered":0,"skipped":0,"pct":0},"functions":{"total":1,"covered":0,"skipped":0,"pct":0},"statements":{"total":140,"covered":0,"skipped":0,"pct":0},"branches":{"total":1,"covered":0,"skipped":0,"pct":0}}
,"C:\\Users\\fjuni\\.copilot\\repos\\bolt.diy-standalone\\app\\components\\@settings\\shared\\service-integration\\ConnectionTestIndicator.tsx": {"lines":{"total":38,"covered":0,"skipped":0,"pct":0},"functions":{"total":1,"covered":0,"skipped":0,"pct":0},"statements":{"total":38,"covered":0,"skipped":0,"pct":0},"branches":{"total":1,"covered":0,"skipped":0,"pct":0}}
,"C:\\Users\\fjuni\\.copilot\\repos\\bolt.diy-standalone\\app\\components\\@settings\\shared\\service-integration\\ErrorState.tsx": {"lines":{"total":67,"covered":0,"skipped":0,"pct":0},"functions":{"total":1,"covered":0,"skipped":0,"pct":0},"statements":{"total":67,"covered":0,"skipped":0,"pct":0},"branches":{"total":1,"covered":0,"skipped":0,"pct":0}}
,"C:\\Users\\fjuni\\.copilot\\repos\\bolt.diy-standalone\\app\\components\\@settings\\shared\\service-integration\\LoadingState.tsx": {"lines":{"total":63,"covered":0,"skipped":0,"pct":0},"functions":{"total":1,"covered":0,"skipped":0,"pct":0},"statements":{"total":63,"covered":0,"skipped":0,"pct":0},"branches":{"total":1,"covered":0,"skipped":0,"pct":0}}
,"C:\\Users\\fjuni\\.copilot\\repos\\bolt.diy-standalone\\app\\components\\@settings\\shared\\service-integration\\ServiceHeader.tsx": {"lines":{"total":49,"covered":0,"skipped":0,"pct":0},"functions":{"total":1,"covered":0,"skipped":0,"pct":0},"statements":{"total":49,"covered":0,"skipped":0,"pct":0},"branches":{"total":1,"covered":0,"skipped":0,"pct":0}}
,"C:\\Users\\fjuni\\.copilot\\repos\\bolt.diy-standalone\\app\\components\\@settings\\shared\\service-integration\\index.ts": {"lines":{"total":1,"covered":0,"skipped":0,"pct":0},"functions":{"total":1,"covered":0,"skipped":0,"pct":0},"statements":{"total":1,"covered":0,"skipped":0,"pct":0},"branches":{"total":1,"covered":0,"skipped":0,"pct":0}}
,"C:\\Users\\fjuni\\.copilot\\repos\\bolt.diy-standalone\\app\\components\\@settings\\tabs\\data\\DataTab.tsx": {"lines":{"total":568,"covered":0,"skipped":0,"pct":0},"functions":{"total":1,"covered":0,"skipped":0,"pct":0},"statements":{"total":568,"covered":0,"skipped":0,"pct":0},"branches":{"total":1,"covered":0,"skipped":0,"pct":0}}
,"C:\\Users\\fjuni\\.copilot\\repos\\bolt.diy-standalone\\app\\components\\@settings\\tabs\\data\\DataVisualization.tsx": {"lines":{"total":306,"covered":0,"skipped":0,"pct":0},"functions":{"total":1,"covered":0,"skipped":0,"pct":0},"statements":{"total":306,"covered":0,"skipped":0,"pct":0},"branches":{"total":1,"covered":0,"skipped":0,"pct":0}}
,"C:\\Users\\fjuni\\.copilot\\repos\\bolt.diy-standalone\\app\\components\\@settings\\tabs\\database\\DatabaseTab.tsx": {"lines":{"total":177,"covered":0,"skipped":0,"pct":0},"functions":{"total":1,"covered":0,"skipped":0,"pct":0},"statements":{"total":177,"covered":0,"skipped":0,"pct":0},"branches":{"total":1,"covered":0,"skipped":0,"pct":0}}
,"C:\\Users\\fjuni\\.copilot\\repos\\bolt.diy-standalone\\app\\components\\@settings\\tabs\\database\\LocalMapWidget.tsx": {"lines":{"total":100,"covered":0,"skipped":0,"pct":0},"functions":{"total":1,"covered":0,"skipped":0,"pct":0},"statements":{"total":100,"covered":0,"skipped":0,"pct":0},"branches":{"total":1,"covered":0,"skipped":0,"pct":0}}
,"C:\\Users\\fjuni\\.copilot\\repos\\bolt.diy-standalone\\app\\components\\@settings\\tabs\\event-logs\\EventLogsTab.tsx": {"lines":{"total":818,"covered":0,"skipped":0,"pct":0},"functions":{"total":1,"covered":0,"skipped":0,"pct":0},"statements":{"total":818,"covered":0,"skipped":0,"pct":0},"branches":{"total":1,"covered":0,"skipped":0,"pct":0}}
,"C:\\Users\\fjuni\\.copilot\\repos\\bolt.diy-standalone\\app\\components\\@settings\\tabs\\features\\FeaturesTab.tsx": {"lines":{"total":233,"covered":0,"skipped":0,"pct":0},"functions":{"total":1,"covered":0,"skipped":0,"pct":0},"statements":{"total":233,"covered":0,"skipped":0,"pct":0},"branches":{"total":1,"covered":0,"skipped":0,"pct":0}}
,"C:\\Users\\fjuni\\.copilot\\repos\\bolt.diy-standalone\\app\\components\\@settings\\tabs\\github\\GitHubTab.tsx": {"lines":{"total":209,"covered":0,"skipped":0,"pct":0},"functions":{"total":1,"covered":0,"skipped":0,"pct":0},"statements":{"total":209,"covered":0,"skipped":0,"pct":0},"branches":{"total":1,"covered":0,"skipped":0,"pct":0}}
,"C:\\Users\\fjuni\\.copilot\\repos\\bolt.diy-standalone\\app\\components\\@settings\\tabs\\github\\components\\GitHubAuthDialog.tsx": {"lines":{"total":138,"covered":0,"skipped":0,"pct":0},"functions":{"total":1,"covered":0,"skipped":0,"pct":0},"statements":{"total":138,"covered":0,"skipped":0,"pct":0},"branches":{"total":1,"covered":0,"skipped":0,"pct":0}}
,"C:\\Users\\fjuni\\.copilot\\repos\\bolt.diy-standalone\\app\\components\\@settings\\tabs\\github\\components\\GitHubCacheManager.tsx": {"lines":{"total":281,"covered":0,"skipped":0,"pct":0},"functions":{"total":1,"covered":0,"skipped":0,"pct":0},"statements":{"total":281,"covered":0,"skipped":0,"pct":0},"branches":{"total":1,"covered":0,"skipped":0,"pct":0}}
,"C:\\Users\\fjuni\\.copilot\\repos\\bolt.diy-standalone\\app\\components\\@settings\\tabs\\github\\components\\GitHubConnection.tsx": {"lines":{"total":184,"covered":0,"skipped":0,"pct":0},"functions":{"total":1,"covered":0,"skipped":0,"pct":0},"statements":{"total":184,"covered":0,"skipped":0,"pct":0},"branches":{"total":1,"covered":0,"skipped":0,"pct":0}}
,"C:\\Users\\fjuni\\.copilot\\repos\\bolt.diy-standalone\\app\\components\\@settings\\tabs\\github\\components\\GitHubErrorBoundary.tsx": {"lines":{"total":63,"covered":0,"skipped":0,"pct":0},"functions":{"total":1,"covered":0,"skipped":0,"pct":0},"statements":{"total":63,"covered":0,"skipped":0,"pct":0},"branches":{"total":1,"covered":0,"skipped":0,"pct":0}}
,"C:\\Users\\fjuni\\.copilot\\repos\\bolt.diy-standalone\\app\\components\\@settings\\tabs\\github\\components\\GitHubProgressiveLoader.tsx": {"lines":{"total":182,"covered":0,"skipped":0,"pct":0},"functions":{"total":1,"covered":0,"skipped":0,"pct":0},"statements":{"total":182,"covered":0,"skipped":0,"pct":0},"branches":{"total":1,"covered":0,"skipped":0,"pct":0}}
,"C:\\Users\\fjuni\\.copilot\\repos\\bolt.diy-standalone\\app\\components\\@settings\\tabs\\github\\components\\GitHubRepositoryCard.tsx": {"lines":{"total":91,"covered":0,"skipped":0,"pct":0},"functions":{"total":1,"covered":0,"skipped":0,"pct":0},"statements":{"total":91,"covered":0,"skipped":0,"pct":0},"branches":{"total":1,"covered":0,"skipped":0,"pct":0}}
,"C:\\Users\\fjuni\\.copilot\\repos\\bolt.diy-standalone\\app\\components\\@settings\\tabs\\github\\components\\GitHubRepositorySelector.tsx": {"lines":{"total":234,"covered":0,"skipped":0,"pct":0},"functions":{"total":1,"covered":0,"skipped":0,"pct":0},"statements":{"total":234,"covered":0,"skipped":0,"pct":0},"branches":{"total":1,"covered":0,"skipped":0,"pct":0}}
,"C:\\Users\\fjuni\\.copilot\\repos\\bolt.diy-standalone\\app\\components\\@settings\\tabs\\github\\components\\GitHubStats.tsx": {"lines":{"total":236,"covered":0,"skipped":0,"pct":0},"functions":{"total":1,"covered":0,"skipped":0,"pct":0},"statements":{"total":236,"covered":0,"skipped":0,"pct":0},"branches":{"total":1,"covered":0,"skipped":0,"pct":0}}
,"C:\\Users\\fjuni\\.copilot\\repos\\bolt.diy-standalone\\app\\components\\@settings\\tabs\\github\\components\\GitHubUserProfile.tsx": {"lines":{"total":36,"covered":0,"skipped":0,"pct":0},"functions":{"total":1,"covered":0,"skipped":0,"pct":0},"statements":{"total":36,"covered":0,"skipped":0,"pct":0},"branches":{"total":1,"covered":0,"skipped":0,"pct":0}}
,"C:\\Users\\fjuni\\.copilot\\repos\\bolt.diy-standalone\\app\\components\\@settings\\tabs\\github\\components\\shared\\GitHubStateIndicators.tsx": {"lines":{"total":180,"covered":0,"skipped":0,"pct":0},"functions":{"total":1,"covered":0,"skipped":0,"pct":0},"statements":{"total":180,"covered":0,"skipped":0,"pct":0},"branches":{"total":1,"covered":0,"skipped":0,"pct":0}}
,"C:\\Users\\fjuni\\.copilot\\repos\\bolt.diy-standalone\\app\\components\\@settings\\tabs\\github\\components\\shared\\RepositoryCard.tsx": {"lines":{"total":267,"covered":0,"skipped":0,"pct":0},"functions":{"total":1,"covered":0,"skipped":0,"pct":0},"statements":{"total":267,"covered":0,"skipped":0,"pct":0},"branches":{"total":1,"covered":0,"skipped":0,"pct":0}}
,"C:\\Users\\fjuni\\.copilot\\repos\\bolt.diy-standalone\\app\\components\\@settings\\tabs\\github\\components\\shared\\index.ts": {"lines":{"total":1,"covered":0,"skipped":0,"pct":0},"functions":{"total":1,"covered":0,"skipped":0,"pct":0},"statements":{"total":1,"covered":0,"skipped":0,"pct":0},"branches":{"total":1,"covered":0,"skipped":0,"pct":0}}
,"C:\\Users\\fjuni\\.copilot\\repos\\bolt.diy-standalone\\app\\components\\@settings\\tabs\\gitlab\\GitLabTab.tsx": {"lines":{"total":239,"covered":0,"skipped":0,"pct":0},"functions":{"total":1,"covered":0,"skipped":0,"pct":0},"statements":{"total":239,"covered":0,"skipped":0,"pct":0},"branches":{"total":1,"covered":0,"skipped":0,"pct":0}}
,"C:\\Users\\fjuni\\.copilot\\repos\\bolt.diy-standalone\\app\\components\\@settings\\tabs\\gitlab\\components\\GitLabAuthDialog.tsx": {"lines":{"total":149,"covered":0,"skipped":0,"pct":0},"functions":{"total":1,"covered":0,"skipped":0,"pct":0},"statements":{"total":149,"covered":0,"skipped":0,"pct":0},"branches":{"total":1,"covered":0,"skipped":0,"pct":0}}
,"C:\\Users\\fjuni\\.copilot\\repos\\bolt.diy-standalone\\app\\components\\@settings\\tabs\\gitlab\\components\\GitLabConnection.tsx": {"lines":{"total":195,"covered":0,"skipped":0,"pct":0},"functions":{"total":1,"covered":0,"skipped":0,"pct":0},"statements":{"total":195,"covered":0,"skipped":0,"pct":0},"branches":{"total":1,"covered":0,"skipped":0,"pct":0}}
,"C:\\Users\\fjuni\\.copilot\\repos\\bolt.diy-standalone\\app\\components\\@settings\\tabs\\gitlab\\components\\GitLabRepositorySelector.tsx": {"lines":{"total":267,"covered":0,"skipped":0,"pct":0},"functions":{"total":1,"covered":0,"skipped":0,"pct":0},"statements":{"total":267,"covered":0,"skipped":0,"pct":0},"branches":{"total":1,"covered":0,"skipped":0,"pct":0}}
,"C:\\Users\\fjuni\\.copilot\\repos\\bolt.diy-standalone\\app\\components\\@settings\\tabs\\gitlab\\components\\RepositoryCard.tsx": {"lines":{"total":63,"covered":0,"skipped":0,"pct":0},"functions":{"total":1,"covered":0,"skipped":0,"pct":0},"statements":{"total":63,"covered":0,"skipped":0,"pct":0},"branches":{"total":1,"covered":0,"skipped":0,"pct":0}}
,"C:\\Users\\fjuni\\.copilot\\repos\\bolt.diy-standalone\\app\\components\\@settings\\tabs\\gitlab\\components\\RepositoryList.tsx": {"lines":{"total":103,"covered":0,"skipped":0,"pct":0},"functions":{"total":1,"covered":0,"skipped":0,"pct":0},"statements":{"total":103,"covered":0,"skipped":0,"pct":0},"branches":{"total":1,"covered":0,"skipped":0,"pct":0}}
,"C:\\Users\\fjuni\\.copilot\\repos\\bolt.diy-standalone\\app\\components\\@settings\\tabs\\gitlab\\components\\StatsDisplay.tsx": {"lines":{"total":74,"covered":0,"skipped":0,"pct":0},"functions":{"total":1,"covered":0,"skipped":0,"pct":0},"statements":{"total":74,"covered":0,"skipped":0,"pct":0},"branches":{"total":1,"covered":0,"skipped":0,"pct":0}}
,"C:\\Users\\fjuni\\.copilot\\repos\\bolt.diy-standalone\\app\\components\\@settings\\tabs\\gitlab\\components\\index.ts": {"lines":{"total":1,"covered":0,"skipped":0,"pct":0},"functions":{"total":1,"covered":0,"skipped":0,"pct":0},"statements":{"total":1,"covered":0,"skipped":0,"pct":0},"branches":{"total":1,"covered":0,"skipped":0,"pct":0}}
,"C:\\Users\\fjuni\\.copilot\\repos\\bolt.diy-standalone\\app\\components\\@settings\\tabs\\mcp\\McpServerList.tsx": {"lines":{"total":68,"covered":0,"skipped":0,"pct":0},"functions":{"total":1,"covered":0,"skipped":0,"pct":0},"statements":{"total":68,"covered":0,"skipped":0,"pct":0},"branches":{"total":1,"covered":0,"skipped":0,"pct":0}}
,"C:\\Users\\fjuni\\.copilot\\repos\\bolt.diy-standalone\\app\\components\\@settings\\tabs\\mcp\\McpServerListItem.tsx": {"lines":{"total":41,"covered":0,"skipped":0,"pct":0},"functions":{"total":1,"covered":0,"skipped":0,"pct":0},"statements":{"total":41,"covered":0,"skipped":0,"pct":0},"branches":{"total":1,"covered":0,"skipped":0,"pct":0}}
,"C:\\Users\\fjuni\\.copilot\\repos\\bolt.diy-standalone\\app\\components\\@settings\\tabs\\mcp\\McpStatusBadge.tsx": {"lines":{"total":32,"covered":0,"skipped":0,"pct":0},"functions":{"total":1,"covered":0,"skipped":0,"pct":0},"statements":{"total":32,"covered":0,"skipped":0,"pct":0},"branches":{"total":1,"covered":0,"skipped":0,"pct":0}}
,"C:\\Users\\fjuni\\.copilot\\repos\\bolt.diy-standalone\\app\\components\\@settings\\tabs\\mcp\\McpTab.tsx": {"lines":{"total":200,"covered":0,"skipped":0,"pct":0},"functions":{"total":1,"covered":0,"skipped":0,"pct":0},"statements":{"total":200,"covered":0,"skipped":0,"pct":0},"branches":{"total":1,"covered":0,"skipped":0,"pct":0}}
,"C:\\Users\\fjuni\\.copilot\\repos\\bolt.diy-standalone\\app\\components\\@settings\\tabs\\netlify\\NetlifyTab.tsx": {"lines":{"total":1140,"covered":0,"skipped":0,"pct":0},"functions":{"total":1,"covered":0,"skipped":0,"pct":0},"statements":{"total":1140,"covered":0,"skipped":0,"pct":0},"branches":{"total":1,"covered":0,"skipped":0,"pct":0}}
,"C:\\Users\\fjuni\\.copilot\\repos\\bolt.diy-standalone\\app\\components\\@settings\\tabs\\netlify\\components\\NetlifyConnection.tsx": {"lines":{"total":789,"covered":0,"skipped":0,"pct":0},"functions":{"total":1,"covered":0,"skipped":0,"pct":0},"statements":{"total":789,"covered":0,"skipped":0,"pct":0},"branches":{"total":1,"covered":0,"skipped":0,"pct":0}}
,"C:\\Users\\fjuni\\.copilot\\repos\\bolt.diy-standalone\\app\\components\\@settings\\tabs\\netlify\\components\\index.ts": {"lines":{"total":1,"covered":0,"skipped":0,"pct":0},"functions":{"total":1,"covered":0,"skipped":0,"pct":0},"statements":{"total":1,"covered":0,"skipped":0,"pct":0},"branches":{"total":1,"covered":0,"skipped":0,"pct":0}}
,"C:\\Users\\fjuni\\.copilot\\repos\\bolt.diy-standalone\\app\\components\\@settings\\tabs\\notifications\\NotificationsTab.tsx": {"lines":{"total":253,"covered":0,"skipped":0,"pct":0},"functions":{"total":1,"covered":0,"skipped":0,"pct":0},"statements":{"total":253,"covered":0,"skipped":0,"pct":0},"branches":{"total":1,"covered":0,"skipped":0,"pct":0}}
,"C:\\Users\\fjuni\\.copilot\\repos\\bolt.diy-standalone\\app\\components\\@settings\\tabs\\profile\\ProfileTab.tsx": {"lines":{"total":145,"covered":0,"skipped":0,"pct":0},"functions":{"total":1,"covered":0,"skipped":0,"pct":0},"statements":{"total":145,"covered":0,"skipped":0,"pct":0},"branches":{"total":1,"covered":0,"skipped":0,"pct":0}}
,"C:\\Users\\fjuni\\.copilot\\repos\\bolt.diy-standalone\\app\\components\\@settings\\tabs\\providers\\cloud\\CloudProvidersTab.tsx": {"lines":{"total":246,"covered":0,"skipped":0,"pct":0},"functions":{"total":1,"covered":0,"skipped":0,"pct":0},"statements":{"total":246,"covered":0,"skipped":0,"pct":0},"branches":{"total":1,"covered":0,"skipped":0,"pct":0}}
,"C:\\Users\\fjuni\\.copilot\\repos\\bolt.diy-standalone\\app\\components\\@settings\\tabs\\providers\\local\\ErrorBoundary.tsx": {"lines":{"total":45,"covered":0,"skipped":0,"pct":0},"functions":{"total":1,"covered":0,"skipped":0,"pct":0},"statements":{"total":45,"covered":0,"skipped":0,"pct":0},"branches":{"total":1,"covered":0,"skipped":0,"pct":0}}
,"C:\\Users\\fjuni\\.copilot\\repos\\bolt.diy-standalone\\app\\components\\@settings\\tabs\\providers\\local\\HealthStatusBadge.tsx": {"lines":{"total":52,"covered":0,"skipped":0,"pct":0},"functions":{"total":1,"covered":0,"skipped":0,"pct":0},"statements":{"total":52,"covered":0,"skipped":0,"pct":0},"branches":{"total":1,"covered":0,"skipped":0,"pct":0}}
,"C:\\Users\\fjuni\\.copilot\\repos\\bolt.diy-standalone\\app\\components\\@settings\\tabs\\providers\\local\\LoadingSkeleton.tsx": {"lines":{"total":75,"covered":0,"skipped":0,"pct":0},"functions":{"total":1,"covered":0,"skipped":0,"pct":0},"statements":{"total":75,"covered":0,"skipped":0,"pct":0},"branches":{"total":1,"covered":0,"skipped":0,"pct":0}}
,"C:\\Users\\fjuni\\.copilot\\repos\\bolt.diy-standalone\\app\\components\\@settings\\tabs\\providers\\local\\LocalProvidersTab.tsx": {"lines":{"total":445,"covered":0,"skipped":0,"pct":0},"functions":{"total":1,"covered":0,"skipped":0,"pct":0},"statements":{"total":445,"covered":0,"skipped":0,"pct":0},"branches":{"total":1,"covered":0,"skipped":0,"pct":0}}
,"C:\\Users\\fjuni\\.copilot\\repos\\bolt.diy-standalone\\app\\components\\@settings\\tabs\\providers\\local\\ModelCard.tsx": {"lines":{"total":84,"covered":0,"skipped":0,"pct":0},"functions":{"total":1,"covered":0,"skipped":0,"pct":0},"statements":{"total":84,"covered":0,"skipped":0,"pct":0},"branches":{"total":1,"covered":0,"skipped":0,"pct":0}}
,"C:\\Users\\fjuni\\.copilot\\repos\\bolt.diy-standalone\\app\\components\\@settings\\tabs\\providers\\local\\ProviderCard.tsx": {"lines":{"total":98,"covered":0,"skipped":0,"pct":0},"functions":{"total":1,"covered":0,"skipped":0,"pct":0},"statements":{"total":98,"covered":0,"skipped":0,"pct":0},"branches":{"total":1,"covered":0,"skipped":0,"pct":0}}
,"C:\\Users\\fjuni\\.copilot\\repos\\bolt.diy-standalone\\app\\components\\@settings\\tabs\\providers\\local\\SetupGuide.tsx": {"lines":{"total":582,"covered":0,"skipped":0,"pct":0},"functions":{"total":1,"covered":0,"skipped":0,"pct":0},"statements":{"total":582,"covered":0,"skipped":0,"pct":0},"branches":{"total":1,"covered":0,"skipped":0,"pct":0}}
,"C:\\Users\\fjuni\\.copilot\\repos\\bolt.diy-standalone\\app\\components\\@settings\\tabs\\providers\\local\\StatusDashboard.tsx": {"lines":{"total":79,"covered":0,"skipped":0,"pct":0},"functions":{"total":1,"covered":0,"skipped":0,"pct":0},"statements":{"total":79,"covered":0,"skipped":0,"pct":0},"branches":{"total":1,"covered":0,"skipped":0,"pct":0}}
,"C:\\Users\\fjuni\\.copilot\\repos\\bolt.diy-standalone\\app\\components\\@settings\\tabs\\providers\\local\\types.ts": {"lines":{"total":11,"covered":0,"skipped":0,"pct":0},"functions":{"total":1,"covered":1,"skipped":0,"pct":100},"statements":{"total":11,"covered":0,"skipped":0,"pct":0},"branches":{"total":1,"covered":1,"skipped":0,"pct":100}}
,"C:\\Users\\fjuni\\.copilot\\repos\\bolt.diy-standalone\\app\\components\\@settings\\tabs\\settings\\SettingsTab.tsx": {"lines":{"total":176,"covered":0,"skipped":0,"pct":0},"functions":{"total":1,"covered":0,"skipped":0,"pct":0},"statements":{"total":176,"covered":0,"skipped":0,"pct":0},"branches":{"total":1,"covered":0,"skipped":0,"pct":0}}
,"C:\\Users\\fjuni\\.copilot\\repos\\bolt.diy-standalone\\app\\components\\@settings\\tabs\\vercel\\VercelTab.tsx": {"lines":{"total":762,"covered":0,"skipped":0,"pct":0},"functions":{"total":1,"covered":0,"skipped":0,"pct":0},"statements":{"total":762,"covered":0,"skipped":0,"pct":0},"branches":{"total":1,"covered":0,"skipped":0,"pct":0}}
,"C:\\Users\\fjuni\\.copilot\\repos\\bolt.diy-standalone\\app\\components\\@settings\\tabs\\vercel\\components\\VercelConnection.tsx": {"lines":{"total":298,"covered":0,"skipped":0,"pct":0},"functions":{"total":1,"covered":0,"skipped":0,"pct":0},"statements":{"total":298,"covered":0,"skipped":0,"pct":0},"branches":{"total":1,"covered":0,"skipped":0,"pct":0}}
,"C:\\Users\\fjuni\\.copilot\\repos\\bolt.diy-standalone\\app\\components\\@settings\\tabs\\vercel\\components\\index.ts": {"lines":{"total":1,"covered":0,"skipped":0,"pct":0},"functions":{"total":1,"covered":0,"skipped":0,"pct":0},"statements":{"total":1,"covered":0,"skipped":0,"pct":0},"branches":{"total":1,"covered":0,"skipped":0,"pct":0}}
,"C:\\Users\\fjuni\\.copilot\\repos\\bolt.diy-standalone\\app\\components\\@settings\\utils\\tab-helpers.ts": {"lines":{"total":42,"covered":0,"skipped":0,"pct":0},"functions":{"total":1,"covered":0,"skipped":0,"pct":0},"statements":{"total":42,"covered":0,"skipped":0,"pct":0},"branches":{"total":1,"covered":0,"skipped":0,"pct":0}}
,"C:\\Users\\fjuni\\.copilot\\repos\\bolt.diy-standalone\\app\\components\\chat\\APIKeyManager.tsx": {"lines":{"total":113,"covered":0,"skipped":0,"pct":0},"functions":{"total":1,"covered":0,"skipped":0,"pct":0},"statements":{"total":113,"covered":0,"skipped":0,"pct":0},"branches":{"total":1,"covered":0,"skipped":0,"pct":0}}
,"C:\\Users\\fjuni\\.copilot\\repos\\bolt.diy-standalone\\app\\components\\chat\\Artifact.tsx": {"lines":{"total":232,"covered":15,"skipped":0,"pct":6.46},"functions":{"total":3,"covered":0,"skipped":0,"pct":0},"statements":{"total":232,"covered":15,"skipped":0,"pct":6.46},"branches":{"total":2,"covered":0,"skipped":0,"pct":0}}
,"C:\\Users\\fjuni\\.copilot\\repos\\bolt.diy-standalone\\app\\components\\chat\\AssistantMessage.tsx": {"lines":{"total":134,"covered":0,"skipped":0,"pct":0},"functions":{"total":1,"covered":0,"skipped":0,"pct":0},"statements":{"total":134,"covered":0,"skipped":0,"pct":0},"branches":{"total":1,"covered":0,"skipped":0,"pct":0}}
,"C:\\Users\\fjuni\\.copilot\\repos\\bolt.diy-standalone\\app\\components\\chat\\BaseChat.tsx": {"lines":{"total":378,"covered":0,"skipped":0,"pct":0},"functions":{"total":1,"covered":0,"skipped":0,"pct":0},"statements":{"total":378,"covered":0,"skipped":0,"pct":0},"branches":{"total":1,"covered":0,"skipped":0,"pct":0}}
,"C:\\Users\\fjuni\\.copilot\\repos\\bolt.diy-standalone\\app\\components\\chat\\Chat.client.tsx": {"lines":{"total":541,"covered":0,"skipped":0,"pct":0},"functions":{"total":1,"covered":0,"skipped":0,"pct":0},"statements":{"total":541,"covered":0,"skipped":0,"pct":0},"branches":{"total":1,"covered":0,"skipped":0,"pct":0}}
,"C:\\Users\\fjuni\\.copilot\\repos\\bolt.diy-standalone\\app\\components\\chat\\ChatAlert.tsx": {"lines":{"total":82,"covered":0,"skipped":0,"pct":0},"functions":{"total":1,"covered":0,"skipped":0,"pct":0},"statements":{"total":82,"covered":0,"skipped":0,"pct":0},"branches":{"total":1,"covered":0,"skipped":0,"pct":0}}
,"C:\\Users\\fjuni\\.copilot\\repos\\bolt.diy-standalone\\app\\components\\chat\\ChatBox.tsx": {"lines":{"total":262,"covered":0,"skipped":0,"pct":0},"functions":{"total":1,"covered":0,"skipped":0,"pct":0},"statements":{"total":262,"covered":0,"skipped":0,"pct":0},"branches":{"total":1,"covered":0,"skipped":0,"pct":0}}
,"C:\\Users\\fjuni\\.copilot\\repos\\bolt.diy-standalone\\app\\components\\chat\\CodeBlock.tsx": {"lines":{"total":57,"covered":5,"skipped":0,"pct":8.77},"functions":{"total":0,"covered":0,"skipped":0,"pct":100},"statements":{"total":57,"covered":5,"skipped":0,"pct":8.77},"branches":{"total":0,"covered":0,"skipped":0,"pct":100}}
,"C:\\Users\\fjuni\\.copilot\\repos\\bolt.diy-standalone\\app\\components\\chat\\DatabaseAlert.tsx": {"lines":{"total":114,"covered":0,"skipped":0,"pct":0},"functions":{"total":1,"covered":0,"skipped":0,"pct":0},"statements":{"total":114,"covered":0,"skipped":0,"pct":0},"branches":{"total":1,"covered":0,"skipped":0,"pct":0}}
,"C:\\Users\\fjuni\\.copilot\\repos\\bolt.diy-standalone\\app\\components\\chat\\DatabaseConnection.tsx": {"lines":{"total":82,"covered":0,"skipped":0,"pct":0},"functions":{"total":1,"covered":0,"skipped":0,"pct":0},"statements":{"total":82,"covered":0,"skipped":0,"pct":0},"branches":{"total":1,"covered":0,"skipped":0,"pct":0}}
,"C:\\Users\\fjuni\\.copilot\\repos\\bolt.diy-standalone\\app\\components\\chat\\DicussMode.tsx": {"lines":{"total":13,"covered":0,"skipped":0,"pct":0},"functions":{"total":1,"covered":0,"skipped":0,"pct":0},"statements":{"total":13,"covered":0,"skipped":0,"pct":0},"branches":{"total":1,"covered":0,"skipped":0,"pct":0}}
,"C:\\Users\\fjuni\\.copilot\\repos\\bolt.diy-standalone\\app\\components\\chat\\ExamplePrompts.tsx": {"lines":{"total":32,"covered":0,"skipped":0,"pct":0},"functions":{"total":1,"covered":0,"skipped":0,"pct":0},"statements":{"total":32,"covered":0,"skipped":0,"pct":0},"branches":{"total":1,"covered":0,"skipped":0,"pct":0}}
,"C:\\Users\\fjuni\\.copilot\\repos\\bolt.diy-standalone\\app\\components\\chat\\FilePreview.tsx": {"lines":{"total":26,"covered":0,"skipped":0,"pct":0},"functions":{"total":1,"covered":0,"skipped":0,"pct":0},"statements":{"total":26,"covered":0,"skipped":0,"pct":0},"branches":{"total":1,"covered":0,"skipped":0,"pct":0}}
,"C:\\Users\\fjuni\\.copilot\\repos\\bolt.diy-standalone\\app\\components\\chat\\GitCloneButton.tsx": {"lines":{"total":243,"covered":0,"skipped":0,"pct":0},"functions":{"total":1,"covered":0,"skipped":0,"pct":0},"statements":{"total":243,"covered":0,"skipped":0,"pct":0},"branches":{"total":1,"covered":0,"skipped":0,"pct":0}}
,"C:\\Users\\fjuni\\.copilot\\repos\\bolt.diy-standalone\\app\\components\\chat\\ImportFolderButton.tsx": {"lines":{"total":108,"covered":0,"skipped":0,"pct":0},"functions":{"total":1,"covered":0,"skipped":0,"pct":0},"statements":{"total":108,"covered":0,"skipped":0,"pct":0},"branches":{"total":1,"covered":0,"skipped":0,"pct":0}}
,"C:\\Users\\fjuni\\.copilot\\repos\\bolt.diy-standalone\\app\\components\\chat\\LLMApiAlert.tsx": {"lines":{"total":86,"covered":0,"skipped":0,"pct":0},"functions":{"total":1,"covered":0,"skipped":0,"pct":0},"statements":{"total":86,"covered":0,"skipped":0,"pct":0},"branches":{"total":1,"covered":0,"skipped":0,"pct":0}}
,"C:\\Users\\fjuni\\.copilot\\repos\\bolt.diy-standalone\\app\\components\\chat\\MCPTools.tsx": {"lines":{"total":100,"covered":0,"skipped":0,"pct":0},"functions":{"total":1,"covered":0,"skipped":0,"pct":0},"statements":{"total":100,"covered":0,"skipped":0,"pct":0},"branches":{"total":1,"covered":0,"skipped":0,"pct":0}}
,"C:\\Users\\fjuni\\.copilot\\repos\\bolt.diy-standalone\\app\\components\\chat\\Markdown.tsx": {"lines":{"total":171,"covered":20,"skipped":0,"pct":11.69},"functions":{"total":1,"covered":1,"skipped":0,"pct":100},"statements":{"total":171,"covered":20,"skipped":0,"pct":11.69},"branches":{"total":13,"covered":12,"skipped":0,"pct":92.3}}
,"C:\\Users\\fjuni\\.copilot\\repos\\bolt.diy-standalone\\app\\components\\chat\\Messages.client.tsx": {"lines":{"total":78,"covered":0,"skipped":0,"pct":0},"functions":{"total":1,"covered":0,"skipped":0,"pct":0},"statements":{"total":78,"covered":0,"skipped":0,"pct":0},"branches":{"total":1,"covered":0,"skipped":0,"pct":0}}
,"C:\\Users\\fjuni\\.copilot\\repos\\bolt.diy-standalone\\app\\components\\chat\\ModelSelector.tsx": {"lines":{"total":702,"covered":0,"skipped":0,"pct":0},"functions":{"total":1,"covered":0,"skipped":0,"pct":0},"statements":{"total":702,"covered":0,"skipped":0,"pct":0},"branches":{"total":1,"covered":0,"skipped":0,"pct":0}}
,"C:\\Users\\fjuni\\.copilot\\repos\\bolt.diy-standalone\\app\\components\\chat\\NetlifyDeploymentLink.client.tsx": {"lines":{"total":39,"covered":0,"skipped":0,"pct":0},"functions":{"total":1,"covered":0,"skipped":0,"pct":0},"statements":{"total":39,"covered":0,"skipped":0,"pct":0},"branches":{"total":1,"covered":0,"skipped":0,"pct":0}}
,"C:\\Users\\fjuni\\.copilot\\repos\\bolt.diy-standalone\\app\\components\\chat\\ProgressCompilation.tsx": {"lines":{"total":88,"covered":0,"skipped":0,"pct":0},"functions":{"total":1,"covered":0,"skipped":0,"pct":0},"statements":{"total":88,"covered":0,"skipped":0,"pct":0},"branches":{"total":1,"covered":0,"skipped":0,"pct":0}}
,"C:\\Users\\fjuni\\.copilot\\repos\\bolt.diy-standalone\\app\\components\\chat\\ScreenshotStateManager.tsx": {"lines":{"total":23,"covered":0,"skipped":0,"pct":0},"functions":{"total":1,"covered":0,"skipped":0,"pct":0},"statements":{"total":23,"covered":0,"skipped":0,"pct":0},"branches":{"total":1,"covered":0,"skipped":0,"pct":0}}
,"C:\\Users\\fjuni\\.copilot\\repos\\bolt.diy-standalone\\app\\components\\chat\\SendButton.client.tsx": {"lines":{"total":28,"covered":0,"skipped":0,"pct":0},"functions":{"total":1,"covered":0,"skipped":0,"pct":0},"statements":{"total":28,"covered":0,"skipped":0,"pct":0},"branches":{"total":1,"covered":0,"skipped":0,"pct":0}}
,"C:\\Users\\fjuni\\.copilot\\repos\\bolt.diy-standalone\\app\\components\\chat\\SpeechRecognition.tsx": {"lines":{"total":19,"covered":0,"skipped":0,"pct":0},"functions":{"total":1,"covered":0,"skipped":0,"pct":0},"statements":{"total":19,"covered":0,"skipped":0,"pct":0},"branches":{"total":1,"covered":0,"skipped":0,"pct":0}}
,"C:\\Users\\fjuni\\.copilot\\repos\\bolt.diy-standalone\\app\\components\\chat\\StarterTemplates.tsx": {"lines":{"total":27,"covered":0,"skipped":0,"pct":0},"functions":{"total":1,"covered":0,"skipped":0,"pct":0},"statements":{"total":27,"covered":0,"skipped":0,"pct":0},"branches":{"total":1,"covered":0,"skipped":0,"pct":0}}
,"C:\\Users\\fjuni\\.copilot\\repos\\bolt.diy-standalone\\app\\components\\chat\\ThoughtBox.tsx": {"lines":{"total":23,"covered":3,"skipped":0,"pct":13.04},"functions":{"total":1,"covered":0,"skipped":0,"pct":0},"statements":{"total":23,"covered":3,"skipped":0,"pct":13.04},"branches":{"total":0,"covered":0,"skipped":0,"pct":100}}
,"C:\\Users\\fjuni\\.copilot\\repos\\bolt.diy-standalone\\app\\components\\chat\\ToolInvocations.tsx": {"lines":{"total":302,"covered":0,"skipped":0,"pct":0},"functions":{"total":1,"covered":0,"skipped":0,"pct":0},"statements":{"total":302,"covered":0,"skipped":0,"pct":0},"branches":{"total":1,"covered":0,"skipped":0,"pct":0}}
,"C:\\Users\\fjuni\\.copilot\\repos\\bolt.diy-standalone\\app\\components\\chat\\UserMessage.tsx": {"lines":{"total":72,"covered":0,"skipped":0,"pct":0},"functions":{"total":1,"covered":0,"skipped":0,"pct":0},"statements":{"total":72,"covered":0,"skipped":0,"pct":0},"branches":{"total":1,"covered":0,"skipped":0,"pct":0}}
,"C:\\Users\\fjuni\\.copilot\\repos\\bolt.diy-standalone\\app\\components\\chat\\VercelDeploymentLink.client.tsx": {"lines":{"total":118,"covered":0,"skipped":0,"pct":0},"functions":{"total":1,"covered":0,"skipped":0,"pct":0},"statements":{"total":118,"covered":0,"skipped":0,"pct":0},"branches":{"total":1,"covered":0,"skipped":0,"pct":0}}
,"C:\\Users\\fjuni\\.copilot\\repos\\bolt.diy-standalone\\app\\components\\chat\\WebSearch.client.tsx": {"lines":{"total":115,"covered":0,"skipped":0,"pct":0},"functions":{"total":1,"covered":0,"skipped":0,"pct":0},"statements":{"total":115,"covered":0,"skipped":0,"pct":0},"branches":{"total":1,"covered":0,"skipped":0,"pct":0}}
,"C:\\Users\\fjuni\\.copilot\\repos\\bolt.diy-standalone\\app\\components\\chat\\chatExportAndImport\\ExportChatButton.tsx": {"lines":{"total":41,"covered":0,"skipped":0,"pct":0},"functions":{"total":1,"covered":0,"skipped":0,"pct":0},"statements":{"total":41,"covered":0,"skipped":0,"pct":0},"branches":{"total":1,"covered":0,"skipped":0,"pct":0}}
,"C:\\Users\\fjuni\\.copilot\\repos\\bolt.diy-standalone\\app\\components\\chat\\chatExportAndImport\\ImportButtons.tsx": {"lines":{"total":77,"covered":0,"skipped":0,"pct":0},"functions":{"total":1,"covered":0,"skipped":0,"pct":0},"statements":{"total":77,"covered":0,"skipped":0,"pct":0},"branches":{"total":1,"covered":0,"skipped":0,"pct":0}}
,"C:\\Users\\fjuni\\.copilot\\repos\\bolt.diy-standalone\\app\\components\\deploy\\DeployAlert.tsx": {"lines":{"total":152,"covered":0,"skipped":0,"pct":0},"functions":{"total":1,"covered":0,"skipped":0,"pct":0},"statements":{"total":152,"covered":0,"skipped":0,"pct":0},"branches":{"total":1,"covered":0,"skipped":0,"pct":0}}
,"C:\\Users\\fjuni\\.copilot\\repos\\bolt.diy-standalone\\app\\components\\deploy\\DeployButton.tsx": {"lines":{"total":224,"covered":0,"skipped":0,"pct":0},"functions":{"total":1,"covered":0,"skipped":0,"pct":0},"statements":{"total":224,"covered":0,"skipped":0,"pct":0},"branches":{"total":1,"covered":0,"skipped":0,"pct":0}}
,"C:\\Users\\fjuni\\.copilot\\repos\\bolt.diy-standalone\\app\\components\\deploy\\GitHubDeploy.client.tsx": {"lines":{"total":112,"covered":0,"skipped":0,"pct":0},"functions":{"total":1,"covered":0,"skipped":0,"pct":0},"statements":{"total":112,"covered":0,"skipped":0,"pct":0},"branches":{"total":1,"covered":0,"skipped":0,"pct":0}}
,"C:\\Users\\fjuni\\.copilot\\repos\\bolt.diy-standalone\\app\\components\\deploy\\GitHubDeploymentDialog.tsx": {"lines":{"total":805,"covered":0,"skipped":0,"pct":0},"functions":{"total":1,"covered":0,"skipped":0,"pct":0},"statements":{"total":805,"covered":0,"skipped":0,"pct":0},"branches":{"total":1,"covered":0,"skipped":0,"pct":0}}
,"C:\\Users\\fjuni\\.copilot\\repos\\bolt.diy-standalone\\app\\components\\deploy\\GitLabDeploy.client.tsx": {"lines":{"total":112,"covered":0,"skipped":0,"pct":0},"functions":{"total":1,"covered":0,"skipped":0,"pct":0},"statements":{"total":112,"covered":0,"skipped":0,"pct":0},"branches":{"total":1,"covered":0,"skipped":0,"pct":0}}
,"C:\\Users\\fjuni\\.copilot\\repos\\bolt.diy-standalone\\app\\components\\deploy\\GitLabDeploymentDialog.tsx": {"lines":{"total":607,"covered":0,"skipped":0,"pct":0},"functions":{"total":1,"covered":0,"skipped":0,"pct":0},"statements":{"total":607,"covered":0,"skipped":0,"pct":0},"branches":{"total":1,"covered":0,"skipped":0,"pct":0}}
,"C:\\Users\\fjuni\\.copilot\\repos\\bolt.diy-standalone\\app\\components\\deploy\\NetlifyDeploy.client.tsx": {"lines":{"total":172,"covered":0,"skipped":0,"pct":0},"functions":{"total":1,"covered":0,"skipped":0,"pct":0},"statements":{"total":172,"covered":0,"skipped":0,"pct":0},"branches":{"total":1,"covered":0,"skipped":0,"pct":0}}
,"C:\\Users\\fjuni\\.copilot\\repos\\bolt.diy-standalone\\app\\components\\deploy\\VercelDeploy.client.tsx": {"lines":{"total":159,"covered":0,"skipped":0,"pct":0},"functions":{"total":1,"covered":0,"skipped":0,"pct":0},"statements":{"total":159,"covered":0,"skipped":0,"pct":0},"branches":{"total":1,"covered":0,"skipped":0,"pct":0}}
,"C:\\Users\\fjuni\\.copilot\\repos\\bolt.diy-standalone\\app\\components\\deploy\\deployUtils.ts": {"lines":{"total":11,"covered":0,"skipped":0,"pct":0},"functions":{"total":1,"covered":0,"skipped":0,"pct":0},"statements":{"total":11,"covered":0,"skipped":0,"pct":0},"branches":{"total":1,"covered":0,"skipped":0,"pct":0}}
,"C:\\Users\\fjuni\\.copilot\\repos\\bolt.diy-standalone\\app\\components\\editor\\codemirror\\BinaryContent.tsx": {"lines":{"total":5,"covered":0,"skipped":0,"pct":0},"functions":{"total":1,"covered":0,"skipped":0,"pct":0},"statements":{"total":5,"covered":0,"skipped":0,"pct":0},"branches":{"total":1,"covered":0,"skipped":0,"pct":0}}
,"C:\\Users\\fjuni\\.copilot\\repos\\bolt.diy-standalone\\app\\components\\editor\\codemirror\\CodeMirrorEditor.tsx": {"lines":{"total":390,"covered":0,"skipped":0,"pct":0},"functions":{"total":1,"covered":0,"skipped":0,"pct":0},"statements":{"total":390,"covered":0,"skipped":0,"pct":0},"branches":{"total":1,"covered":0,"skipped":0,"pct":0}}
,"C:\\Users\\fjuni\\.copilot\\repos\\bolt.diy-standalone\\app\\components\\editor\\codemirror\\EnvMasking.ts": {"lines":{"total":61,"covered":0,"skipped":0,"pct":0},"functions":{"total":1,"covered":0,"skipped":0,"pct":0},"statements":{"total":61,"covered":0,"skipped":0,"pct":0},"branches":{"total":1,"covered":0,"skipped":0,"pct":0}}
,"C:\\Users\\fjuni\\.copilot\\repos\\bolt.diy-standalone\\app\\components\\editor\\codemirror\\cm-theme.ts": {"lines":{"total":182,"covered":0,"skipped":0,"pct":0},"functions":{"total":1,"covered":0,"skipped":0,"pct":0},"statements":{"total":182,"covered":0,"skipped":0,"pct":0},"branches":{"total":1,"covered":0,"skipped":0,"pct":0}}
,"C:\\Users\\fjuni\\.copilot\\repos\\bolt.diy-standalone\\app\\components\\editor\\codemirror\\indent.ts": {"lines":{"total":50,"covered":0,"skipped":0,"pct":0},"functions":{"total":1,"covered":0,"skipped":0,"pct":0},"statements":{"total":50,"covered":0,"skipped":0,"pct":0},"branches":{"total":1,"covered":0,"skipped":0,"pct":0}}
,"C:\\Users\\fjuni\\.copilot\\repos\\bolt.diy-standalone\\app\\components\\editor\\codemirror\\languages.ts": {"lines":{"total":108,"covered":0,"skipped":0,"pct":0},"functions":{"total":1,"covered":0,"skipped":0,"pct":0},"statements":{"total":108,"covered":0,"skipped":0,"pct":0},"branches":{"total":1,"covered":0,"skipped":0,"pct":0}}
,"C:\\Users\\fjuni\\.copilot\\repos\\bolt.diy-standalone\\app\\components\\git\\GitUrlImport.client.tsx": {"lines":{"total":111,"covered":0,"skipped":0,"pct":0},"functions":{"total":1,"covered":0,"skipped":0,"pct":0},"statements":{"total":111,"covered":0,"skipped":0,"pct":0},"branches":{"total":1,"covered":0,"skipped":0,"pct":0}}
,"C:\\Users\\fjuni\\.copilot\\repos\\bolt.diy-standalone\\app\\components\\header\\Header.tsx": {"lines":{"total":30,"covered":0,"skipped":0,"pct":0},"functions":{"total":1,"covered":0,"skipped":0,"pct":0},"statements":{"total":30,"covered":0,"skipped":0,"pct":0},"branches":{"total":1,"covered":0,"skipped":0,"pct":0}}
,"C:\\Users\\fjuni\\.copilot\\repos\\bolt.diy-standalone\\app\\components\\header\\HeaderActionButtons.client.tsx": {"lines":{"total":37,"covered":0,"skipped":0,"pct":0},"functions":{"total":1,"covered":0,"skipped":0,"pct":0},"statements":{"total":37,"covered":0,"skipped":0,"pct":0},"branches":{"total":1,"covered":0,"skipped":0,"pct":0}}
,"C:\\Users\\fjuni\\.copilot\\repos\\bolt.diy-standalone\\app\\components\\sidebar\\HistoryItem.tsx": {"lines":{"total":152,"covered":0,"skipped":0,"pct":0},"functions":{"total":1,"covered":0,"skipped":0,"pct":0},"statements":{"total":152,"covered":0,"skipped":0,"pct":0},"branches":{"total":1,"covered":0,"skipped":0,"pct":0}}
,"C:\\Users\\fjuni\\.copilot\\repos\\bolt.diy-standalone\\app\\components\\sidebar\\Menu.client.tsx": {"lines":{"total":440,"covered":0,"skipped":0,"pct":0},"functions":{"total":1,"covered":0,"skipped":0,"pct":0},"statements":{"total":440,"covered":0,"skipped":0,"pct":0},"branches":{"total":1,"covered":0,"skipped":0,"pct":0}}
,"C:\\Users\\fjuni\\.copilot\\repos\\bolt.diy-standalone\\app\\components\\sidebar\\date-binning.ts": {"lines":{"total":39,"covered":0,"skipped":0,"pct":0},"functions":{"total":1,"covered":0,"skipped":0,"pct":0},"statements":{"total":39,"covered":0,"skipped":0,"pct":0},"branches":{"total":1,"covered":0,"skipped":0,"pct":0}}
,"C:\\Users\\fjuni\\.copilot\\repos\\bolt.diy-standalone\\app\\components\\ui\\Badge.tsx": {"lines":{"total":40,"covered":0,"skipped":0,"pct":0},"functions":{"total":1,"covered":0,"skipped":0,"pct":0},"statements":{"total":40,"covered":0,"skipped":0,"pct":0},"branches":{"total":1,"covered":0,"skipped":0,"pct":0}}
,"C:\\Users\\fjuni\\.copilot\\repos\\bolt.diy-standalone\\app\\components\\ui\\BranchSelector.tsx": {"lines":{"total":204,"covered":0,"skipped":0,"pct":0},"functions":{"total":1,"covered":0,"skipped":0,"pct":0},"statements":{"total":204,"covered":0,"skipped":0,"pct":0},"branches":{"total":1,"covered":0,"skipped":0,"pct":0}}
,"C:\\Users\\fjuni\\.copilot\\repos\\bolt.diy-standalone\\app\\components\\ui\\Breadcrumbs.tsx": {"lines":{"total":69,"covered":0,"skipped":0,"pct":0},"functions":{"total":1,"covered":0,"skipped":0,"pct":0},"statements":{"total":69,"covered":0,"skipped":0,"pct":0},"branches":{"total":1,"covered":0,"skipped":0,"pct":0}}
,"C:\\Users\\fjuni\\.copilot\\repos\\bolt.diy-standalone\\app\\components\\ui\\Button.tsx": {"lines":{"total":34,"covered":0,"skipped":0,"pct":0},"functions":{"total":1,"covered":0,"skipped":0,"pct":0},"statements":{"total":34,"covered":0,"skipped":0,"pct":0},"branches":{"total":1,"covered":0,"skipped":0,"pct":0}}
,"C:\\Users\\fjuni\\.copilot\\repos\\bolt.diy-standalone\\app\\components\\ui\\Card.tsx": {"lines":{"total":42,"covered":0,"skipped":0,"pct":0},"functions":{"total":1,"covered":0,"skipped":0,"pct":0},"statements":{"total":42,"covered":0,"skipped":0,"pct":0},"branches":{"total":1,"covered":0,"skipped":0,"pct":0}}
,"C:\\Users\\fjuni\\.copilot\\repos\\bolt.diy-standalone\\app\\components\\ui\\Checkbox.tsx": {"lines":{"total":23,"covered":0,"skipped":0,"pct":0},"functions":{"total":1,"covered":0,"skipped":0,"pct":0},"statements":{"total":23,"covered":0,"skipped":0,"pct":0},"branches":{"total":1,"covered":0,"skipped":0,"pct":0}}
,"C:\\Users\\fjuni\\.copilot\\repos\\bolt.diy-standalone\\app\\components\\ui\\CloseButton.tsx": {"lines":{"total":30,"covered":0,"skipped":0,"pct":0},"functions":{"total":1,"covered":0,"skipped":0,"pct":0},"statements":{"total":30,"covered":0,"skipped":0,"pct":0},"branches":{"total":1,"covered":0,"skipped":0,"pct":0}}
,"C:\\Users\\fjuni\\.copilot\\repos\\bolt.diy-standalone\\app\\components\\ui\\CodeBlock.tsx": {"lines":{"total":74,"covered":0,"skipped":0,"pct":0},"functions":{"total":1,"covered":0,"skipped":0,"pct":0},"statements":{"total":74,"covered":0,"skipped":0,"pct":0},"branches":{"total":1,"covered":0,"skipped":0,"pct":0}}
,"C:\\Users\\fjuni\\.copilot\\repos\\bolt.diy-standalone\\app\\components\\ui\\Collapsible.tsx": {"lines":{"total":4,"covered":0,"skipped":0,"pct":0},"functions":{"total":1,"covered":0,"skipped":0,"pct":0},"statements":{"total":4,"covered":0,"skipped":0,"pct":0},"branches":{"total":1,"covered":0,"skipped":0,"pct":0}}
,"C:\\Users\\fjuni\\.copilot\\repos\\bolt.diy-standalone\\app\\components\\ui\\ColorSchemeDialog.tsx": {"lines":{"total":284,"covered":0,"skipped":0,"pct":0},"functions":{"total":1,"covered":0,"skipped":0,"pct":0},"statements":{"total":284,"covered":0,"skipped":0,"pct":0},"branches":{"total":1,"covered":0,"skipped":0,"pct":0}}
,"C:\\Users\\fjuni\\.copilot\\repos\\bolt.diy-standalone\\app\\components\\ui\\Dialog.tsx": {"lines":{"total":271,"covered":0,"skipped":0,"pct":0},"functions":{"total":1,"covered":0,"skipped":0,"pct":0},"statements":{"total":271,"covered":0,"skipped":0,"pct":0},"branches":{"total":1,"covered":0,"skipped":0,"pct":0}}
,"C:\\Users\\fjuni\\.copilot\\repos\\bolt.diy-standalone\\app\\components\\ui\\Dropdown.tsx": {"lines":{"total":40,"covered":0,"skipped":0,"pct":0},"functions":{"total":1,"covered":0,"skipped":0,"pct":0},"statements":{"total":40,"covered":0,"skipped":0,"pct":0},"branches":{"total":1,"covered":0,"skipped":0,"pct":0}}
,"C:\\Users\\fjuni\\.copilot\\repos\\bolt.diy-standalone\\app\\components\\ui\\EmptyState.tsx": {"lines":{"total":93,"covered":0,"skipped":0,"pct":0},"functions":{"total":1,"covered":0,"skipped":0,"pct":0},"statements":{"total":93,"covered":0,"skipped":0,"pct":0},"branches":{"total":1,"covered":0,"skipped":0,"pct":0}}
,"C:\\Users\\fjuni\\.copilot\\repos\\bolt.diy-standalone\\app\\components\\ui\\FileIcon.tsx": {"lines":{"total":245,"covered":0,"skipped":0,"pct":0},"functions":{"total":1,"covered":0,"skipped":0,"pct":0},"statements":{"total":245,"covered":0,"skipped":0,"pct":0},"branches":{"total":1,"covered":0,"skipped":0,"pct":0}}
,"C:\\Users\\fjuni\\.copilot\\repos\\bolt.diy-standalone\\app\\components\\ui\\FilterChip.tsx": {"lines":{"total":50,"covered":0,"skipped":0,"pct":0},"functions":{"total":1,"covered":0,"skipped":0,"pct":0},"statements":{"total":50,"covered":0,"skipped":0,"pct":0},"branches":{"total":1,"covered":0,"skipped":0,"pct":0}}
,"C:\\Users\\fjuni\\.copilot\\repos\\bolt.diy-standalone\\app\\components\\ui\\GlowingEffect.tsx": {"lines":{"total":135,"covered":0,"skipped":0,"pct":0},"functions":{"total":1,"covered":0,"skipped":0,"pct":0},"statements":{"total":135,"covered":0,"skipped":0,"pct":0},"branches":{"total":1,"covered":0,"skipped":0,"pct":0}}
,"C:\\Users\\fjuni\\.copilot\\repos\\bolt.diy-standalone\\app\\components\\ui\\GradientCard.tsx": {"lines":{"total":55,"covered":0,"skipped":0,"pct":0},"functions":{"total":1,"covered":0,"skipped":0,"pct":0},"statements":{"total":55,"covered":0,"skipped":0,"pct":0},"branches":{"total":1,"covered":0,"skipped":0,"pct":0}}
,"C:\\Users\\fjuni\\.copilot\\repos\\bolt.diy-standalone\\app\\components\\ui\\IconButton.tsx": {"lines":{"total":53,"covered":0,"skipped":0,"pct":0},"functions":{"total":1,"covered":0,"skipped":0,"pct":0},"statements":{"total":53,"covered":0,"skipped":0,"pct":0},"branches":{"total":1,"covered":0,"skipped":0,"pct":0}}
,"C:\\Users\\fjuni\\.copilot\\repos\\bolt.diy-standalone\\app\\components\\ui\\Input.tsx": {"lines":{"total":14,"covered":0,"skipped":0,"pct":0},"functions":{"total":1,"covered":0,"skipped":0,"pct":0},"statements":{"total":14,"covered":0,"skipped":0,"pct":0},"branches":{"total":1,"covered":0,"skipped":0,"pct":0}}
,"C:\\Users\\fjuni\\.copilot\\repos\\bolt.diy-standalone\\app\\components\\ui\\Label.tsx": {"lines":{"total":13,"covered":0,"skipped":0,"pct":0},"functions":{"total":1,"covered":0,"skipped":0,"pct":0},"statements":{"total":13,"covered":0,"skipped":0,"pct":0},"branches":{"total":1,"covered":0,"skipped":0,"pct":0}}
,"C:\\Users\\fjuni\\.copilot\\repos\\bolt.diy-standalone\\app\\components\\ui\\LoadingDots.tsx": {"lines":{"total":18,"covered":0,"skipped":0,"pct":0},"functions":{"total":1,"covered":0,"skipped":0,"pct":0},"statements":{"total":18,"covered":0,"skipped":0,"pct":0},"branches":{"total":1,"covered":0,"skipped":0,"pct":0}}
,"C:\\Users\\fjuni\\.copilot\\repos\\bolt.diy-standalone\\app\\components\\ui\\LoadingOverlay.tsx": {"lines":{"total":27,"covered":0,"skipped":0,"pct":0},"functions":{"total":1,"covered":0,"skipped":0,"pct":0},"statements":{"total":27,"covered":0,"skipped":0,"pct":0},"branches":{"total":1,"covered":0,"skipped":0,"pct":0}}
,"C:\\Users\\fjuni\\.copilot\\repos\\bolt.diy-standalone\\app\\components\\ui\\PanelHeader.tsx": {"lines":{"total":11,"covered":0,"skipped":0,"pct":0},"functions":{"total":1,"covered":0,"skipped":0,"pct":0},"statements":{"total":11,"covered":0,"skipped":0,"pct":0},"branches":{"total":1,"covered":0,"skipped":0,"pct":0}}
,"C:\\Users\\fjuni\\.copilot\\repos\\bolt.diy-standalone\\app\\components\\ui\\PanelHeaderButton.tsx": {"lines":{"total":23,"covered":0,"skipped":0,"pct":0},"functions":{"total":1,"covered":0,"skipped":0,"pct":0},"statements":{"total":23,"covered":0,"skipped":0,"pct":0},"branches":{"total":1,"covered":0,"skipped":0,"pct":0}}
,"C:\\Users\\fjuni\\.copilot\\repos\\bolt.diy-standalone\\app\\components\\ui\\Popover.tsx": {"lines":{"total":21,"covered":0,"skipped":0,"pct":0},"functions":{"total":1,"covered":0,"skipped":0,"pct":0},"statements":{"total":21,"covered":0,"skipped":0,"pct":0},"branches":{"total":1,"covered":0,"skipped":0,"pct":0}}
,"C:\\Users\\fjuni\\.copilot\\repos\\bolt.diy-standalone\\app\\components\\ui\\Progress.tsx": {"lines":{"total":13,"covered":0,"skipped":0,"pct":0},"functions":{"total":1,"covered":0,"skipped":0,"pct":0},"statements":{"total":13,"covered":0,"skipped":0,"pct":0},"branches":{"total":1,"covered":0,"skipped":0,"pct":0}}
,"C:\\Users\\fjuni\\.copilot\\repos\\bolt.diy-standalone\\app\\components\\ui\\RepositoryStats.tsx": {"lines":{"total":54,"covered":0,"skipped":0,"pct":0},"functions":{"total":1,"covered":0,"skipped":0,"pct":0},"statements":{"total":54,"covered":0,"skipped":0,"pct":0},"branches":{"total":1,"covered":0,"skipped":0,"pct":0}}
,"C:\\Users\\fjuni\\.copilot\\repos\\bolt.diy-standalone\\app\\components\\ui\\ScrollArea.tsx": {"lines":{"total":28,"covered":0,"skipped":0,"pct":0},"functions":{"total":1,"covered":0,"skipped":0,"pct":0},"statements":{"total":28,"covered":0,"skipped":0,"pct":0},"branches":{"total":1,"covered":0,"skipped":0,"pct":0}}
,"C:\\Users\\fjuni\\.copilot\\repos\\bolt.diy-standalone\\app\\components\\ui\\SearchInput.tsx": {"lines":{"total":41,"covered":0,"skipped":0,"pct":0},"functions":{"total":1,"covered":0,"skipped":0,"pct":0},"statements":{"total":41,"covered":0,"skipped":0,"pct":0},"branches":{"total":1,"covered":0,"skipped":0,"pct":0}}
,"C:\\Users\\fjuni\\.copilot\\repos\\bolt.diy-standalone\\app\\components\\ui\\SearchResultItem.tsx": {"lines":{"total":96,"covered":0,"skipped":0,"pct":0},"functions":{"total":1,"covered":0,"skipped":0,"pct":0},"statements":{"total":96,"covered":0,"skipped":0,"pct":0},"branches":{"total":1,"covered":0,"skipped":0,"pct":0}}
,"C:\\Users\\fjuni\\.copilot\\repos\\bolt.diy-standalone\\app\\components\\ui\\Separator.tsx": {"lines":{"total":13,"covered":0,"skipped":0,"pct":0},"functions":{"total":1,"covered":0,"skipped":0,"pct":0},"statements":{"total":13,"covered":0,"skipped":0,"pct":0},"branches":{"total":1,"covered":0,"skipped":0,"pct":0}}
,"C:\\Users\\fjuni\\.copilot\\repos\\bolt.diy-standalone\\app\\components\\ui\\SettingsButton.tsx": {"lines":{"total":23,"covered":0,"skipped":0,"pct":0},"functions":{"total":1,"covered":0,"skipped":0,"pct":0},"statements":{"total":23,"covered":0,"skipped":0,"pct":0},"branches":{"total":1,"covered":0,"skipped":0,"pct":0}}
,"C:\\Users\\fjuni\\.copilot\\repos\\bolt.diy-standalone\\app\\components\\ui\\Slider.tsx": {"lines":{"total":40,"covered":0,"skipped":0,"pct":0},"functions":{"total":1,"covered":0,"skipped":0,"pct":0},"statements":{"total":40,"covered":0,"skipped":0,"pct":0},"branches":{"total":1,"covered":0,"skipped":0,"pct":0}}
,"C:\\Users\\fjuni\\.copilot\\repos\\bolt.diy-standalone\\app\\components\\ui\\StatusIndicator.tsx": {"lines":{"total":41,"covered":0,"skipped":0,"pct":0},"functions":{"total":1,"covered":0,"skipped":0,"pct":0},"statements":{"total":41,"covered":0,"skipped":0,"pct":0},"branches":{"total":1,"covered":0,"skipped":0,"pct":0}}
,"C:\\Users\\fjuni\\.copilot\\repos\\bolt.diy-standalone\\app\\components\\ui\\Switch.tsx": {"lines":{"total":26,"covered":0,"skipped":0,"pct":0},"functions":{"total":1,"covered":0,"skipped":0,"pct":0},"statements":{"total":26,"covered":0,"skipped":0,"pct":0},"branches":{"total":1,"covered":0,"skipped":0,"pct":0}}
,"C:\\Users\\fjuni\\.copilot\\repos\\bolt.diy-standalone\\app\\components\\ui\\Tabs.tsx": {"lines":{"total":38,"covered":0,"skipped":0,"pct":0},"functions":{"total":1,"covered":0,"skipped":0,"pct":0},"statements":{"total":38,"covered":0,"skipped":0,"pct":0},"branches":{"total":1,"covered":0,"skipped":0,"pct":0}}
,"C:\\Users\\fjuni\\.copilot\\repos\\bolt.diy-standalone\\app\\components\\ui\\TabsWithSlider.tsx": {"lines":{"total":57,"covered":0,"skipped":0,"pct":0},"functions":{"total":1,"covered":0,"skipped":0,"pct":0},"statements":{"total":57,"covered":0,"skipped":0,"pct":0},"branches":{"total":1,"covered":0,"skipped":0,"pct":0}}
,"C:\\Users\\fjuni\\.copilot\\repos\\bolt.diy-standalone\\app\\components\\ui\\ThemeSwitch.tsx": {"lines":{"total":17,"covered":0,"skipped":0,"pct":0},"functions":{"total":1,"covered":0,"skipped":0,"pct":0},"statements":{"total":17,"covered":0,"skipped":0,"pct":0},"branches":{"total":1,"covered":0,"skipped":0,"pct":0}}
,"C:\\Users\\fjuni\\.copilot\\repos\\bolt.diy-standalone\\app\\components\\ui\\Tooltip.tsx": {"lines":{"total":70,"covered":0,"skipped":0,"pct":0},"functions":{"total":1,"covered":0,"skipped":0,"pct":0},"statements":{"total":70,"covered":0,"skipped":0,"pct":0},"branches":{"total":1,"covered":0,"skipped":0,"pct":0}}
,"C:\\Users\\fjuni\\.copilot\\repos\\bolt.diy-standalone\\app\\components\\ui\\index.ts": {"lines":{"total":1,"covered":0,"skipped":0,"pct":0},"functions":{"total":1,"covered":0,"skipped":0,"pct":0},"statements":{"total":1,"covered":0,"skipped":0,"pct":0},"branches":{"total":1,"covered":0,"skipped":0,"pct":0}}
,"C:\\Users\\fjuni\\.copilot\\repos\\bolt.diy-standalone\\app\\components\\ui\\use-toast.ts": {"lines":{"total":48,"covered":0,"skipped":0,"pct":0},"functions":{"total":1,"covered":0,"skipped":0,"pct":0},"statements":{"total":48,"covered":0,"skipped":0,"pct":0},"branches":{"total":1,"covered":0,"skipped":0,"pct":0}}
,"C:\\Users\\fjuni\\.copilot\\repos\\bolt.diy-standalone\\app\\components\\ui\\BackgroundRays\\index.tsx": {"lines":{"total":15,"covered":0,"skipped":0,"pct":0},"functions":{"total":1,"covered":0,"skipped":0,"pct":0},"statements":{"total":15,"covered":0,"skipped":0,"pct":0},"branches":{"total":1,"covered":0,"skipped":0,"pct":0}}
,"C:\\Users\\fjuni\\.copilot\\repos\\bolt.diy-standalone\\app\\components\\workbench\\DiffView.tsx": {"lines":{"total":603,"covered":0,"skipped":0,"pct":0},"functions":{"total":1,"covered":0,"skipped":0,"pct":0},"statements":{"total":603,"covered":0,"skipped":0,"pct":0},"branches":{"total":1,"covered":0,"skipped":0,"pct":0}}
,"C:\\Users\\fjuni\\.copilot\\repos\\bolt.diy-standalone\\app\\components\\workbench\\EditorPanel.tsx": {"lines":{"total":124,"covered":0,"skipped":0,"pct":0},"functions":{"total":1,"covered":0,"skipped":0,"pct":0},"statements":{"total":124,"covered":0,"skipped":0,"pct":0},"branches":{"total":1,"covered":0,"skipped":0,"pct":0}}
,"C:\\Users\\fjuni\\.copilot\\repos\\bolt.diy-standalone\\app\\components\\workbench\\ExpoQrModal.tsx": {"lines":{"total":38,"covered":0,"skipped":0,"pct":0},"functions":{"total":1,"covered":0,"skipped":0,"pct":0},"statements":{"total":38,"covered":0,"skipped":0,"pct":0},"branches":{"total":1,"covered":0,"skipped":0,"pct":0}}
,"C:\\Users\\fjuni\\.copilot\\repos\\bolt.diy-standalone\\app\\components\\workbench\\FileBreadcrumb.tsx": {"lines":{"total":115,"covered":0,"skipped":0,"pct":0},"functions":{"total":1,"covered":0,"skipped":0,"pct":0},"statements":{"total":115,"covered":0,"skipped":0,"pct":0},"branches":{"total":1,"covered":0,"skipped":0,"pct":0}}
,"C:\\Users\\fjuni\\.copilot\\repos\\bolt.diy-standalone\\app\\components\\workbench\\FileTree.tsx": {"lines":{"total":667,"covered":0,"skipped":0,"pct":0},"functions":{"total":1,"covered":0,"skipped":0,"pct":0},"statements":{"total":667,"covered":0,"skipped":0,"pct":0},"branches":{"total":1,"covered":0,"skipped":0,"pct":0}}
,"C:\\Users\\fjuni\\.copilot\\repos\\bolt.diy-standalone\\app\\components\\workbench\\Inspector.tsx": {"lines":{"total":78,"covered":0,"skipped":0,"pct":0},"functions":{"total":1,"covered":0,"skipped":0,"pct":0},"statements":{"total":78,"covered":0,"skipped":0,"pct":0},"branches":{"total":1,"covered":0,"skipped":0,"pct":0}}
,"C:\\Users\\fjuni\\.copilot\\repos\\bolt.diy-standalone\\app\\components\\workbench\\InspectorPanel.tsx": {"lines":{"total":102,"covered":0,"skipped":0,"pct":0},"functions":{"total":1,"covered":0,"skipped":0,"pct":0},"statements":{"total":102,"covered":0,"skipped":0,"pct":0},"branches":{"total":1,"covered":0,"skipped":0,"pct":0}}
,"C:\\Users\\fjuni\\.copilot\\repos\\bolt.diy-standalone\\app\\components\\workbench\\LockManager.tsx": {"lines":{"total":196,"covered":0,"skipped":0,"pct":0},"functions":{"total":1,"covered":0,"skipped":0,"pct":0},"statements":{"total":196,"covered":0,"skipped":0,"pct":0},"branches":{"total":1,"covered":0,"skipped":0,"pct":0}}
,"C:\\Users\\fjuni\\.copilot\\repos\\bolt.diy-standalone\\app\\components\\workbench\\PortDropdown.tsx": {"lines":{"total":65,"covered":0,"skipped":0,"pct":0},"functions":{"total":1,"covered":0,"skipped":0,"pct":0},"statements":{"total":65,"covered":0,"skipped":0,"pct":0},"branches":{"total":1,"covered":0,"skipped":0,"pct":0}}
,"C:\\Users\\fjuni\\.copilot\\repos\\bolt.diy-standalone\\app\\components\\workbench\\Preview.tsx": {"lines":{"total":774,"covered":0,"skipped":0,"pct":0},"functions":{"total":1,"covered":0,"skipped":0,"pct":0},"statements":{"total":774,"covered":0,"skipped":0,"pct":0},"branches":{"total":1,"covered":0,"skipped":0,"pct":0}}
,"C:\\Users\\fjuni\\.copilot\\repos\\bolt.diy-standalone\\app\\components\\workbench\\ScreenshotSelector.tsx": {"lines":{"total":220,"covered":0,"skipped":0,"pct":0},"functions":{"total":1,"covered":0,"skipped":0,"pct":0},"statements":{"total":220,"covered":0,"skipped":0,"pct":0},"branches":{"total":1,"covered":0,"skipped":0,"pct":0}}
,"C:\\Users\\fjuni\\.copilot\\repos\\bolt.diy-standalone\\app\\components\\workbench\\Search.tsx": {"lines":{"total":198,"covered":0,"skipped":0,"pct":0},"functions":{"total":1,"covered":0,"skipped":0,"pct":0},"statements":{"total":198,"covered":0,"skipped":0,"pct":0},"branches":{"total":1,"covered":0,"skipped":0,"pct":0}}
,"C:\\Users\\fjuni\\.copilot\\repos\\bolt.diy-standalone\\app\\components\\workbench\\Workbench.client.tsx": {"lines":{"total":409,"covered":0,"skipped":0,"pct":0},"functions":{"total":1,"covered":0,"skipped":0,"pct":0},"statements":{"total":409,"covered":0,"skipped":0,"pct":0},"branches":{"total":1,"covered":0,"skipped":0,"pct":0}}
,"C:\\Users\\fjuni\\.copilot\\repos\\bolt.diy-standalone\\app\\components\\workbench\\terminal\\Terminal.tsx": {"lines":{"total":86,"covered":0,"skipped":0,"pct":0},"functions":{"total":1,"covered":0,"skipped":0,"pct":0},"statements":{"total":86,"covered":0,"skipped":0,"pct":0},"branches":{"total":1,"covered":0,"skipped":0,"pct":0}}
,"C:\\Users\\fjuni\\.copilot\\repos\\bolt.diy-standalone\\app\\components\\workbench\\terminal\\TerminalManager.tsx": {"lines":{"total":42,"covered":0,"skipped":0,"pct":0},"functions":{"total":1,"covered":0,"skipped":0,"pct":0},"statements":{"total":42,"covered":0,"skipped":0,"pct":0},"branches":{"total":1,"covered":0,"skipped":0,"pct":0}}
,"C:\\Users\\fjuni\\.copilot\\repos\\bolt.diy-standalone\\app\\components\\workbench\\terminal\\TerminalTabs.tsx": {"lines":{"total":225,"covered":0,"skipped":0,"pct":0},"functions":{"total":1,"covered":0,"skipped":0,"pct":0},"statements":{"total":225,"covered":0,"skipped":0,"pct":0},"branches":{"total":1,"covered":0,"skipped":0,"pct":0}}
,"C:\\Users\\fjuni\\.copilot\\repos\\bolt.diy-standalone\\app\\components\\workbench\\terminal\\theme.ts": {"lines":{"total":30,"covered":0,"skipped":0,"pct":0},"functions":{"total":1,"covered":1,"skipped":0,"pct":100},"statements":{"total":30,"covered":0,"skipped":0,"pct":0},"branches":{"total":1,"covered":1,"skipped":0,"pct":100}}
,"C:\\Users\\fjuni\\.copilot\\repos\\bolt.diy-standalone\\app\\lib\\crypto.ts": {"lines":{"total":44,"covered":0,"skipped":0,"pct":0},"functions":{"total":1,"covered":0,"skipped":0,"pct":0},"statements":{"total":44,"covered":0,"skipped":0,"pct":0},"branches":{"total":1,"covered":0,"skipped":0,"pct":0}}
,"C:\\Users\\fjuni\\.copilot\\repos\\bolt.diy-standalone\\app\\lib\\fetch.ts": {"lines":{"total":3,"covered":0,"skipped":0,"pct":0},"functions":{"total":1,"covered":1,"skipped":0,"pct":100},"statements":{"total":3,"covered":0,"skipped":0,"pct":0},"branches":{"total":1,"covered":1,"skipped":0,"pct":100}}
,"C:\\Users\\fjuni\\.copilot\\repos\\bolt.diy-standalone\\app\\lib\\security.ts": {"lines":{"total":438,"covered":386,"skipped":0,"pct":88.12},"functions":{"total":24,"covered":22,"skipped":0,"pct":91.66},"statements":{"total":438,"covered":386,"skipped":0,"pct":88.12},"branches":{"total":128,"covered":120,"skipped":0,"pct":93.75}}
,"C:\\Users\\fjuni\\.copilot\\repos\\bolt.diy-standalone\\app\\lib\\.server\\github-token.ts": {"lines":{"total":24,"covered":0,"skipped":0,"pct":0},"functions":{"total":1,"covered":0,"skipped":0,"pct":0},"statements":{"total":24,"covered":0,"skipped":0,"pct":0},"branches":{"total":1,"covered":0,"skipped":0,"pct":0}}
,"C:\\Users\\fjuni\\.copilot\\repos\\bolt.diy-standalone\\app\\lib\\.server\\database\\client.ts": {"lines":{"total":130,"covered":0,"skipped":0,"pct":0},"functions":{"total":1,"covered":0,"skipped":0,"pct":0},"statements":{"total":130,"covered":0,"skipped":0,"pct":0},"branches":{"total":1,"covered":0,"skipped":0,"pct":0}}
,"C:\\Users\\fjuni\\.copilot\\repos\\bolt.diy-standalone\\app\\lib\\.server\\database\\config.ts": {"lines":{"total":50,"covered":0,"skipped":0,"pct":0},"functions":{"total":1,"covered":0,"skipped":0,"pct":0},"statements":{"total":50,"covered":0,"skipped":0,"pct":0},"branches":{"total":1,"covered":0,"skipped":0,"pct":0}}
,"C:\\Users\\fjuni\\.copilot\\repos\\bolt.diy-standalone\\app\\lib\\.server\\llm\\constants.ts": {"lines":{"total":45,"covered":0,"skipped":0,"pct":0},"functions":{"total":1,"covered":1,"skipped":0,"pct":100},"statements":{"total":45,"covered":0,"skipped":0,"pct":0},"branches":{"total":1,"covered":1,"skipped":0,"pct":100}}
,"C:\\Users\\fjuni\\.copilot\\repos\\bolt.diy-standalone\\app\\lib\\.server\\llm\\create-summary.ts": {"lines":{"total":91,"covered":0,"skipped":0,"pct":0},"functions":{"total":1,"covered":0,"skipped":0,"pct":0},"statements":{"total":91,"covered":0,"skipped":0,"pct":0},"branches":{"total":1,"covered":0,"skipped":0,"pct":0}}
,"C:\\Users\\fjuni\\.copilot\\repos\\bolt.diy-standalone\\app\\lib\\.server\\llm\\select-context.ts": {"lines":{"total":141,"covered":0,"skipped":0,"pct":0},"functions":{"total":1,"covered":0,"skipped":0,"pct":0},"statements":{"total":141,"covered":0,"skipped":0,"pct":0},"branches":{"total":1,"covered":0,"skipped":0,"pct":0}}
,"C:\\Users\\fjuni\\.copilot\\repos\\bolt.diy-standalone\\app\\lib\\.server\\llm\\stream-recovery.ts": {"lines":{"total":67,"covered":0,"skipped":0,"pct":0},"functions":{"total":1,"covered":0,"skipped":0,"pct":0},"statements":{"total":67,"covered":0,"skipped":0,"pct":0},"branches":{"total":1,"covered":0,"skipped":0,"pct":0}}
,"C:\\Users\\fjuni\\.copilot\\repos\\bolt.diy-standalone\\app\\lib\\.server\\llm\\stream-text.ts": {"lines":{"total":211,"covered":0,"skipped":0,"pct":0},"functions":{"total":1,"covered":0,"skipped":0,"pct":0},"statements":{"total":211,"covered":0,"skipped":0,"pct":0},"branches":{"total":1,"covered":0,"skipped":0,"pct":0}}
,"C:\\Users\\fjuni\\.copilot\\repos\\bolt.diy-standalone\\app\\lib\\.server\\llm\\switchable-stream.ts": {"lines":{"total":51,"covered":0,"skipped":0,"pct":0},"functions":{"total":1,"covered":0,"skipped":0,"pct":0},"statements":{"total":51,"covered":0,"skipped":0,"pct":0},"branches":{"total":1,"covered":0,"skipped":0,"pct":0}}
,"C:\\Users\\fjuni\\.copilot\\repos\\bolt.diy-standalone\\app\\lib\\.server\\llm\\utils.ts": {"lines":{"total":83,"covered":0,"skipped":0,"pct":0},"functions":{"total":1,"covered":0,"skipped":0,"pct":0},"statements":{"total":83,"covered":0,"skipped":0,"pct":0},"branches":{"total":1,"covered":0,"skipped":0,"pct":0}}
,"C:\\Users\\fjuni\\.copilot\\repos\\bolt.diy-standalone\\app\\lib\\.server\\memory\\embeddings.ts": {"lines":{"total":41,"covered":0,"skipped":0,"pct":0},"functions":{"total":1,"covered":0,"skipped":0,"pct":0},"statements":{"total":41,"covered":0,"skipped":0,"pct":0},"branches":{"total":1,"covered":0,"skipped":0,"pct":0}}
,"C:\\Users\\fjuni\\.copilot\\repos\\bolt.diy-standalone\\app\\lib\\.server\\memory\\service.ts": {"lines":{"total":78,"covered":0,"skipped":0,"pct":0},"functions":{"total":1,"covered":0,"skipped":0,"pct":0},"statements":{"total":78,"covered":0,"skipped":0,"pct":0},"branches":{"total":1,"covered":0,"skipped":0,"pct":0}}
,"C:\\Users\\fjuni\\.copilot\\repos\\bolt.diy-standalone\\app\\lib\\api\\api-key-storage.ts": {"lines":{"total":77,"covered":60,"skipped":0,"pct":77.92},"functions":{"total":6,"covered":6,"skipped":0,"pct":100},"statements":{"total":77,"covered":60,"skipped":0,"pct":77.92},"branches":{"total":25,"covered":14,"skipped":0,"pct":56}}
,"C:\\Users\\fjuni\\.copilot\\repos\\bolt.diy-standalone\\app\\lib\\api\\connection.ts": {"lines":{"total":49,"covered":0,"skipped":0,"pct":0},"functions":{"total":1,"covered":1,"skipped":0,"pct":100},"statements":{"total":49,"covered":0,"skipped":0,"pct":0},"branches":{"total":1,"covered":1,"skipped":0,"pct":100}}
,"C:\\Users\\fjuni\\.copilot\\repos\\bolt.diy-standalone\\app\\lib\\api\\cookies.ts": {"lines":{"total":24,"covered":24,"skipped":0,"pct":100},"functions":{"total":3,"covered":3,"skipped":0,"pct":100},"statements":{"total":24,"covered":24,"skipped":0,"pct":100},"branches":{"total":11,"covered":11,"skipped":0,"pct":100}}
,"C:\\Users\\fjuni\\.copilot\\repos\\bolt.diy-standalone\\app\\lib\\api\\debug.ts": {"lines":{"total":75,"covered":0,"skipped":0,"pct":0},"functions":{"total":1,"covered":1,"skipped":0,"pct":100},"statements":{"total":75,"covered":0,"skipped":0,"pct":0},"branches":{"total":1,"covered":1,"skipped":0,"pct":100}}
,"C:\\Users\\fjuni\\.copilot\\repos\\bolt.diy-standalone\\app\\lib\\api\\features.ts": {"lines":{"total":21,"covered":0,"skipped":0,"pct":0},"functions":{"total":1,"covered":1,"skipped":0,"pct":100},"statements":{"total":21,"covered":0,"skipped":0,"pct":0},"branches":{"total":1,"covered":1,"skipped":0,"pct":100}}
,"C:\\Users\\fjuni\\.copilot\\repos\\bolt.diy-standalone\\app\\lib\\api\\notifications.ts": {"lines":{"total":34,"covered":0,"skipped":0,"pct":0},"functions":{"total":1,"covered":0,"skipped":0,"pct":0},"statements":{"total":34,"covered":0,"skipped":0,"pct":0},"branches":{"total":1,"covered":0,"skipped":0,"pct":0}}
,"C:\\Users\\fjuni\\.copilot\\repos\\bolt.diy-standalone\\app\\lib\\api\\request-credentials.ts": {"lines":{"total":57,"covered":51,"skipped":0,"pct":89.47},"functions":{"total":5,"covered":5,"skipped":0,"pct":100},"statements":{"total":57,"covered":51,"skipped":0,"pct":89.47},"branches":{"total":36,"covered":29,"skipped":0,"pct":80.55}}
,"C:\\Users\\fjuni\\.copilot\\repos\\bolt.diy-standalone\\app\\lib\\api\\updates.ts": {"lines":{"total":64,"covered":0,"skipped":0,"pct":0},"functions":{"total":1,"covered":1,"skipped":0,"pct":100},"statements":{"total":64,"covered":0,"skipped":0,"pct":0},"branches":{"total":1,"covered":1,"skipped":0,"pct":100}}
,"C:\\Users\\fjuni\\.copilot\\repos\\bolt.diy-standalone\\app\\lib\\common\\prompt-library.ts": {"lines":{"total":38,"covered":0,"skipped":0,"pct":0},"functions":{"total":1,"covered":0,"skipped":0,"pct":0},"statements":{"total":38,"covered":0,"skipped":0,"pct":0},"branches":{"total":1,"covered":0,"skipped":0,"pct":0}}
,"C:\\Users\\fjuni\\.copilot\\repos\\bolt.diy-standalone\\app\\lib\\common\\prompts\\discuss-prompt.ts": {"lines":{"total":1,"covered":0,"skipped":0,"pct":0},"functions":{"total":1,"covered":0,"skipped":0,"pct":0},"statements":{"total":1,"covered":0,"skipped":0,"pct":0},"branches":{"total":1,"covered":0,"skipped":0,"pct":0}}
,"C:\\Users\\fjuni\\.copilot\\repos\\bolt.diy-standalone\\app\\lib\\common\\prompts\\new-prompt.ts": {"lines":{"total":24,"covered":0,"skipped":0,"pct":0},"functions":{"total":1,"covered":0,"skipped":0,"pct":0},"statements":{"total":24,"covered":0,"skipped":0,"pct":0},"branches":{"total":1,"covered":0,"skipped":0,"pct":0}}
,"C:\\Users\\fjuni\\.copilot\\repos\\bolt.diy-standalone\\app\\lib\\common\\prompts\\optimized.ts": {"lines":{"total":14,"covered":0,"skipped":0,"pct":0},"functions":{"total":1,"covered":1,"skipped":0,"pct":100},"statements":{"total":14,"covered":0,"skipped":0,"pct":0},"branches":{"total":1,"covered":1,"skipped":0,"pct":100}}
,"C:\\Users\\fjuni\\.copilot\\repos\\bolt.diy-standalone\\app\\lib\\common\\prompts\\prompts.ts": {"lines":{"total":20,"covered":0,"skipped":0,"pct":0},"functions":{"total":1,"covered":0,"skipped":0,"pct":0},"statements":{"total":20,"covered":0,"skipped":0,"pct":0},"branches":{"total":1,"covered":0,"skipped":0,"pct":0}}
,"C:\\Users\\fjuni\\.copilot\\repos\\bolt.diy-standalone\\app\\lib\\hooks\\StickToBottom.tsx": {"lines":{"total":82,"covered":0,"skipped":0,"pct":0},"functions":{"total":1,"covered":0,"skipped":0,"pct":0},"statements":{"total":82,"covered":0,"skipped":0,"pct":0},"branches":{"total":1,"covered":0,"skipped":0,"pct":0}}
,"C:\\Users\\fjuni\\.copilot\\repos\\bolt.diy-standalone\\app\\lib\\hooks\\index.ts": {"lines":{"total":1,"covered":0,"skipped":0,"pct":0},"functions":{"total":1,"covered":0,"skipped":0,"pct":0},"statements":{"total":1,"covered":0,"skipped":0,"pct":0},"branches":{"total":1,"covered":0,"skipped":0,"pct":0}}
,"C:\\Users\\fjuni\\.copilot\\repos\\bolt.diy-standalone\\app\\lib\\hooks\\useConnectionStatus.ts": {"lines":{"total":42,"covered":0,"skipped":0,"pct":0},"functions":{"total":1,"covered":0,"skipped":0,"pct":0},"statements":{"total":42,"covered":0,"skipped":0,"pct":0},"branches":{"total":1,"covered":0,"skipped":0,"pct":0}}
,"C:\\Users\\fjuni\\.copilot\\repos\\bolt.diy-standalone\\app\\lib\\hooks\\useConnectionTest.ts": {"lines":{"total":49,"covered":0,"skipped":0,"pct":0},"functions":{"total":1,"covered":0,"skipped":0,"pct":0},"statements":{"total":49,"covered":0,"skipped":0,"pct":0},"branches":{"total":1,"covered":0,"skipped":0,"pct":0}}
,"C:\\Users\\fjuni\\.copilot\\repos\\bolt.diy-standalone\\app\\lib\\hooks\\useDataOperations.ts": {"lines":{"total":811,"covered":0,"skipped":0,"pct":0},"functions":{"total":1,"covered":0,"skipped":0,"pct":0},"statements":{"total":811,"covered":0,"skipped":0,"pct":0},"branches":{"total":1,"covered":0,"skipped":0,"pct":0}}
,"C:\\Users\\fjuni\\.copilot\\repos\\bolt.diy-standalone\\app\\lib\\hooks\\useDatabaseConnection.ts": {"lines":{"total":15,"covered":0,"skipped":0,"pct":0},"functions":{"total":1,"covered":0,"skipped":0,"pct":0},"statements":{"total":15,"covered":0,"skipped":0,"pct":0},"branches":{"total":1,"covered":0,"skipped":0,"pct":0}}
,"C:\\Users\\fjuni\\.copilot\\repos\\bolt.diy-standalone\\app\\lib\\hooks\\useEditChatDescription.ts": {"lines":{"total":100,"covered":0,"skipped":0,"pct":0},"functions":{"total":1,"covered":0,"skipped":0,"pct":0},"statements":{"total":100,"covered":0,"skipped":0,"pct":0},"branches":{"total":1,"covered":0,"skipped":0,"pct":0}}
,"C:\\Users\\fjuni\\.copilot\\repos\\bolt.diy-standalone\\app\\lib\\hooks\\useFeatures.ts": {"lines":{"total":60,"covered":0,"skipped":0,"pct":0},"functions":{"total":1,"covered":0,"skipped":0,"pct":0},"statements":{"total":60,"covered":0,"skipped":0,"pct":0},"branches":{"total":1,"covered":0,"skipped":0,"pct":0}}
,"C:\\Users\\fjuni\\.copilot\\repos\\bolt.diy-standalone\\app\\lib\\hooks\\useGit.ts": {"lines":{"total":342,"covered":0,"skipped":0,"pct":0},"functions":{"total":1,"covered":0,"skipped":0,"pct":0},"statements":{"total":342,"covered":0,"skipped":0,"pct":0},"branches":{"total":1,"covered":0,"skipped":0,"pct":0}}
,"C:\\Users\\fjuni\\.copilot\\repos\\bolt.diy-standalone\\app\\lib\\hooks\\useGitHubAPI.ts": {"lines":{"total":4,"covered":0,"skipped":0,"pct":0},"functions":{"total":1,"covered":1,"skipped":0,"pct":100},"statements":{"total":4,"covered":0,"skipped":0,"pct":0},"branches":{"total":1,"covered":1,"skipped":0,"pct":100}}
,"C:\\Users\\fjuni\\.copilot\\repos\\bolt.diy-standalone\\app\\lib\\hooks\\useGitHubConnection.ts": {"lines":{"total":172,"covered":0,"skipped":0,"pct":0},"functions":{"total":1,"covered":0,"skipped":0,"pct":0},"statements":{"total":172,"covered":0,"skipped":0,"pct":0},"branches":{"total":1,"covered":0,"skipped":0,"pct":0}}
,"C:\\Users\\fjuni\\.copilot\\repos\\bolt.diy-standalone\\app\\lib\\hooks\\useGitHubStats.ts": {"lines":{"total":222,"covered":0,"skipped":0,"pct":0},"functions":{"total":1,"covered":0,"skipped":0,"pct":0},"statements":{"total":222,"covered":0,"skipped":0,"pct":0},"branches":{"total":1,"covered":0,"skipped":0,"pct":0}}
,"C:\\Users\\fjuni\\.copilot\\repos\\bolt.diy-standalone\\app\\lib\\hooks\\useGitLabAPI.ts": {"lines":{"total":5,"covered":0,"skipped":0,"pct":0},"functions":{"total":1,"covered":1,"skipped":0,"pct":100},"statements":{"total":5,"covered":0,"skipped":0,"pct":0},"branches":{"total":1,"covered":1,"skipped":0,"pct":100}}
,"C:\\Users\\fjuni\\.copilot\\repos\\bolt.diy-standalone\\app\\lib\\hooks\\useGitLabConnection.ts": {"lines":{"total":168,"covered":0,"skipped":0,"pct":0},"functions":{"total":1,"covered":0,"skipped":0,"pct":0},"statements":{"total":168,"covered":0,"skipped":0,"pct":0},"branches":{"total":1,"covered":0,"skipped":0,"pct":0}}
,"C:\\Users\\fjuni\\.copilot\\repos\\bolt.diy-standalone\\app\\lib\\hooks\\useIndexedDB.ts": {"lines":{"total":43,"covered":0,"skipped":0,"pct":0},"functions":{"total":1,"covered":0,"skipped":0,"pct":0},"statements":{"total":43,"covered":0,"skipped":0,"pct":0},"branches":{"total":1,"covered":0,"skipped":0,"pct":0}}
,"C:\\Users\\fjuni\\.copilot\\repos\\bolt.diy-standalone\\app\\lib\\hooks\\useLocalModelHealth.ts": {"lines":{"total":105,"covered":0,"skipped":0,"pct":0},"functions":{"total":1,"covered":0,"skipped":0,"pct":0},"statements":{"total":105,"covered":0,"skipped":0,"pct":0},"branches":{"total":1,"covered":0,"skipped":0,"pct":0}}
,"C:\\Users\\fjuni\\.copilot\\repos\\bolt.diy-standalone\\app\\lib\\hooks\\useLocalProviders.ts": {"lines":{"total":11,"covered":0,"skipped":0,"pct":0},"functions":{"total":1,"covered":0,"skipped":0,"pct":0},"statements":{"total":11,"covered":0,"skipped":0,"pct":0},"branches":{"total":1,"covered":0,"skipped":0,"pct":0}}
,"C:\\Users\\fjuni\\.copilot\\repos\\bolt.diy-standalone\\app\\lib\\hooks\\useMessageParser.ts": {"lines":{"total":56,"covered":0,"skipped":0,"pct":0},"functions":{"total":1,"covered":0,"skipped":0,"pct":0},"statements":{"total":56,"covered":0,"skipped":0,"pct":0},"branches":{"total":1,"covered":0,"skipped":0,"pct":0}}
,"C:\\Users\\fjuni\\.copilot\\repos\\bolt.diy-standalone\\app\\lib\\hooks\\useNotifications.ts": {"lines":{"total":39,"covered":0,"skipped":0,"pct":0},"functions":{"total":1,"covered":0,"skipped":0,"pct":0},"statements":{"total":39,"covered":0,"skipped":0,"pct":0},"branches":{"total":1,"covered":0,"skipped":0,"pct":0}}
,"C:\\Users\\fjuni\\.copilot\\repos\\bolt.diy-standalone\\app\\lib\\hooks\\usePromptEnhancer.ts": {"lines":{"total":69,"covered":0,"skipped":0,"pct":0},"functions":{"total":1,"covered":0,"skipped":0,"pct":0},"statements":{"total":69,"covered":0,"skipped":0,"pct":0},"branches":{"total":1,"covered":0,"skipped":0,"pct":0}}
,"C:\\Users\\fjuni\\.copilot\\repos\\bolt.diy-standalone\\app\\lib\\hooks\\useSearchFilter.ts": {"lines":{"total":35,"covered":0,"skipped":0,"pct":0},"functions":{"total":1,"covered":0,"skipped":0,"pct":0},"statements":{"total":35,"covered":0,"skipped":0,"pct":0},"branches":{"total":1,"covered":0,"skipped":0,"pct":0}}
,"C:\\Users\\fjuni\\.copilot\\repos\\bolt.diy-standalone\\app\\lib\\hooks\\useSettings.ts": {"lines":{"total":121,"covered":0,"skipped":0,"pct":0},"functions":{"total":1,"covered":0,"skipped":0,"pct":0},"statements":{"total":121,"covered":0,"skipped":0,"pct":0},"branches":{"total":1,"covered":0,"skipped":0,"pct":0}}
,"C:\\Users\\fjuni\\.copilot\\repos\\bolt.diy-standalone\\app\\lib\\hooks\\useShortcuts.ts": {"lines":{"total":57,"covered":0,"skipped":0,"pct":0},"functions":{"total":1,"covered":0,"skipped":0,"pct":0},"statements":{"total":57,"covered":0,"skipped":0,"pct":0},"branches":{"total":1,"covered":0,"skipped":0,"pct":0}}
,"C:\\Users\\fjuni\\.copilot\\repos\\bolt.diy-standalone\\app\\lib\\hooks\\useSpeechRecognition.ts": {"lines":{"total":56,"covered":0,"skipped":0,"pct":0},"functions":{"total":1,"covered":0,"skipped":0,"pct":0},"statements":{"total":56,"covered":0,"skipped":0,"pct":0},"branches":{"total":1,"covered":0,"skipped":0,"pct":0}}
,"C:\\Users\\fjuni\\.copilot\\repos\\bolt.diy-standalone\\app\\lib\\hooks\\useStickToBottom.tsx": {"lines":{"total":350,"covered":0,"skipped":0,"pct":0},"functions":{"total":1,"covered":0,"skipped":0,"pct":0},"statements":{"total":350,"covered":0,"skipped":0,"pct":0},"branches":{"total":1,"covered":0,"skipped":0,"pct":0}}
,"C:\\Users\\fjuni\\.copilot\\repos\\bolt.diy-standalone\\app\\lib\\hooks\\useViewport.ts": {"lines":{"total":13,"covered":0,"skipped":0,"pct":0},"functions":{"total":1,"covered":0,"skipped":0,"pct":0},"statements":{"total":13,"covered":0,"skipped":0,"pct":0},"branches":{"total":1,"covered":0,"skipped":0,"pct":0}}
,"C:\\Users\\fjuni\\.copilot\\repos\\bolt.diy-standalone\\app\\lib\\modules\\llm\\base-provider.ts": {"lines":{"total":105,"covered":95,"skipped":0,"pct":90.47},"functions":{"total":10,"covered":10,"skipped":0,"pct":100},"statements":{"total":105,"covered":95,"skipped":0,"pct":90.47},"branches":{"total":42,"covered":37,"skipped":0,"pct":88.09}}
,"C:\\Users\\fjuni\\.copilot\\repos\\bolt.diy-standalone\\app\\lib\\modules\\llm\\defaults.ts": {"lines":{"total":17,"covered":17,"skipped":0,"pct":100},"functions":{"total":3,"covered":3,"skipped":0,"pct":100},"statements":{"total":17,"covered":17,"skipped":0,"pct":100},"branches":{"total":9,"covered":8,"skipped":0,"pct":88.88}}
,"C:\\Users\\fjuni\\.copilot\\repos\\bolt.diy-standalone\\app\\lib\\modules\\llm\\manager.ts": {"lines":{"total":174,"covered":160,"skipped":0,"pct":91.95},"functions":{"total":15,"covered":14,"skipped":0,"pct":93.33},"statements":{"total":174,"covered":160,"skipped":0,"pct":91.95},"branches":{"total":66,"covered":57,"skipped":0,"pct":86.36}}
,"C:\\Users\\fjuni\\.copilot\\repos\\bolt.diy-standalone\\app\\lib\\modules\\llm\\registry.ts": {"lines":{"total":1,"covered":1,"skipped":0,"pct":100},"functions":{"total":0,"covered":0,"skipped":0,"pct":100},"statements":{"total":1,"covered":1,"skipped":0,"pct":100},"branches":{"total":0,"covered":0,"skipped":0,"pct":100}}
,"C:\\Users\\fjuni\\.copilot\\repos\\bolt.diy-standalone\\app\\lib\\modules\\llm\\types.ts": {"lines":{"total":0,"covered":0,"skipped":0,"pct":0},"functions":{"total":1,"covered":1,"skipped":0,"pct":0},"statements":{"total":0,"covered":0,"skipped":0,"pct":0},"branches":{"total":1,"covered":1,"skipped":0,"pct":0}}
,"C:\\Users\\fjuni\\.copilot\\repos\\bolt.diy-standalone\\app\\lib\\modules\\llm\\providers\\amazon-bedrock.ts": {"lines":{"total":91,"covered":91,"skipped":0,"pct":100},"functions":{"total":3,"covered":3,"skipped":0,"pct":100},"statements":{"total":91,"covered":91,"skipped":0,"pct":100},"branches":{"total":12,"covered":12,"skipped":0,"pct":100}}
[...]
,"C:\\Users\\fjuni\\.copilot\\repos\\bolt.diy-standalone\\app\\routes\\api.local-providers.discover.ts": {"lines":{"total":29,"covered":0,"skipped":0,"pct":0},"functions":{"total":1,"covered":0,"skipped":0,"pct":0},"statements":{"total":29,"covered":0,"skipped":0,"pct":0},"branches":{"total":1,"covered":0,"skipped":0,"pct":0}}
,"C:\\Users\\fjuni\\.copilot\\repos\\bolt.diy-standalone\\app\\routes\\api.local-providers.health.ts": {"lines":{"total":48,"covered":0,"skipped":0,"pct":0},"functions":{"total":1,"covered":0,"skipped":0,"pct":0},"statements":{"total":48,"covered":0,"skipped":0,"pct":0},"branches":{"total":1,"covered":0,"skipped":0,"pct":0}}
,"C:\\Users\\fjuni\\.copilot\\repos\\bolt.diy-standalone\\app\\routes\\api.map.tiles.$z.$x.$y.ts": {"lines":{"total":38,"covered":0,"skipped":0,"pct":0},"functions":{"total":1,"covered":0,"skipped":0,"pct":0},"statements":{"total":38,"covered":0,"skipped":0,"pct":0},"branches":{"total":1,"covered":0,"skipped":0,"pct":0}}
,"C:\\Users\\fjuni\\.copilot\\repos\\bolt.diy-standalone\\app\\routes\\api.mcp-check.ts": {"lines":{"total":15,"covered":0,"skipped":0,"pct":0},"functions":{"total":1,"covered":0,"skipped":0,"pct":0},"statements":{"total":15,"covered":0,"skipped":0,"pct":0},"branches":{"total":1,"covered":0,"skipped":0,"pct":0}}
,"C:\\Users\\fjuni\\.copilot\\repos\\bolt.diy-standalone\\app\\routes\\api.mcp-update-config.ts": {"lines":{"total":19,"covered":0,"skipped":0,"pct":0},"functions":{"total":1,"covered":0,"skipped":0,"pct":0},"statements":{"total":19,"covered":0,"skipped":0,"pct":0},"branches":{"total":1,"covered":0,"skipped":0,"pct":0}}
,"C:\\Users\\fjuni\\.copilot\\repos\\bolt.diy-standalone\\app\\routes\\api.memories.search.ts": {"lines":{"total":16,"covered":0,"skipped":0,"pct":0},"functions":{"total":1,"covered":0,"skipped":0,"pct":0},"statements":{"total":16,"covered":0,"skipped":0,"pct":0},"branches":{"total":1,"covered":0,"skipped":0,"pct":0}}
,"C:\\Users\\fjuni\\.copilot\\repos\\bolt.diy-standalone\\app\\routes\\api.models.$provider.ts": {"lines":{"total":57,"covered":57,"skipped":0,"pct":100},"functions":{"total":2,"covered":2,"skipped":0,"pct":100},"statements":{"total":57,"covered":57,"skipped":0,"pct":100},"branches":{"total":9,"covered":9,"skipped":0,"pct":100}}
,"C:\\Users\\fjuni\\.copilot\\repos\\bolt.diy-standalone\\app\\routes\\api.models.ts": {"lines":{"total":58,"covered":50,"skipped":0,"pct":86.2},"functions":{"total":2,"covered":2,"skipped":0,"pct":100},"statements":{"total":58,"covered":50,"skipped":0,"pct":86.2},"branches":{"total":5,"covered":4,"skipped":0,"pct":80}}
,"C:\\Users\\fjuni\\.copilot\\repos\\bolt.diy-standalone\\app\\routes\\api.netlify-deploy.ts": {"lines":{"total":221,"covered":0,"skipped":0,"pct":0},"functions":{"total":1,"covered":0,"skipped":0,"pct":0},"statements":{"total":221,"covered":0,"skipped":0,"pct":0},"branches":{"total":1,"covered":0,"skipped":0,"pct":0}}
,"C:\\Users\\fjuni\\.copilot\\repos\\bolt.diy-standalone\\app\\routes\\api.netlify-user.ts": {"lines":{"total":99,"covered":88,"skipped":0,"pct":88.88},"functions":{"total":2,"covered":2,"skipped":0,"pct":100},"statements":{"total":99,"covered":88,"skipped":0,"pct":88.88},"branches":{"total":18,"covered":15,"skipped":0,"pct":83.33}}
,"C:\\Users\\fjuni\\.copilot\\repos\\bolt.diy-standalone\\app\\routes\\api.system.diagnostics.ts": {"lines":{"total":113,"covered":101,"skipped":0,"pct":89.38},"functions":{"total":1,"covered":1,"skipped":0,"pct":100},"statements":{"total":113,"covered":101,"skipped":0,"pct":89.38},"branches":{"total":5,"covered":2,"skipped":0,"pct":40}}
,"C:\\Users\\fjuni\\.copilot\\repos\\bolt.diy-standalone\\app\\routes\\api.system.disk-info.ts": {"lines":{"total":283,"covered":0,"skipped":0,"pct":0},"functions":{"total":1,"covered":0,"skipped":0,"pct":0},"statements":{"total":283,"covered":0,"skipped":0,"pct":0},"branches":{"total":1,"covered":0,"skipped":0,"pct":0}}
,"C:\\Users\\fjuni\\.copilot\\repos\\bolt.diy-standalone\\app\\routes\\api.system.git-info.ts": {"lines":{"total":33,"covered":0,"skipped":0,"pct":0},"functions":{"total":1,"covered":0,"skipped":0,"pct":0},"statements":{"total":33,"covered":0,"skipped":0,"pct":0},"branches":{"total":1,"covered":0,"skipped":0,"pct":0}}
,"C:\\Users\\fjuni\\.copilot\\repos\\bolt.diy-standalone\\app\\routes\\api.update.ts": {"lines":{"total":22,"covered":0,"skipped":0,"pct":0},"functions":{"total":1,"covered":0,"skipped":0,"pct":0},"statements":{"total":22,"covered":0,"skipped":0,"pct":0},"branches":{"total":1,"covered":0,"skipped":0,"pct":0}}
,"C:\\Users\\fjuni\\.copilot\\repos\\bolt.diy-standalone\\app\\routes\\api.vercel-deploy.ts": {"lines":{"total":370,"covered":0,"skipped":0,"pct":0},"functions":{"total":1,"covered":0,"skipped":0,"pct":0},"statements":{"total":370,"covered":0,"skipped":0,"pct":0},"branches":{"total":1,"covered":0,"skipped":0,"pct":0}}
,"C:\\Users\\fjuni\\.copilot\\repos\\bolt.diy-standalone\\app\\routes\\api.vercel-user.ts": {"lines":{"total":109,"covered":0,"skipped":0,"pct":0},"functions":{"total":1,"covered":0,"skipped":0,"pct":0},"statements":{"total":109,"covered":0,"skipped":0,"pct":0},"branches":{"total":1,"covered":0,"skipped":0,"pct":0}}
,"C:\\Users\\fjuni\\.copilot\\repos\\bolt.diy-standalone\\app\\routes\\api.web-search.ts": {"lines":{"total":84,"covered":0,"skipped":0,"pct":0},"functions":{"total":1,"covered":0,"skipped":0,"pct":0},"statements":{"total":84,"covered":0,"skipped":0,"pct":0},"branches":{"total":1,"covered":0,"skipped":0,"pct":0}}
,"C:\\Users\\fjuni\\.copilot\\repos\\bolt.diy-standalone\\app\\routes\\chat.$id.tsx": {"lines":{"total":5,"covered":0,"skipped":0,"pct":0},"functions":{"total":1,"covered":0,"skipped":0,"pct":0},"statements":{"total":5,"covered":0,"skipped":0,"pct":0},"branches":{"total":1,"covered":0,"skipped":0,"pct":0}}
,"C:\\Users\\fjuni\\.copilot\\repos\\bolt.diy-standalone\\app\\routes\\git.tsx": {"lines":{"total":15,"covered":0,"skipped":0,"pct":0},"functions":{"total":1,"covered":0,"skipped":0,"pct":0},"statements":{"total":15,"covered":0,"skipped":0,"pct":0},"branches":{"total":1,"covered":0,"skipped":0,"pct":0}}
,"C:\\Users\\fjuni\\.copilot\\repos\\bolt.diy-standalone\\app\\routes\\webcontainer.connect.$id.tsx": {"lines":{"total":11,"covered":0,"skipped":0,"pct":0},"functions":{"total":1,"covered":0,"skipped":0,"pct":0},"statements":{"total":11,"covered":0,"skipped":0,"pct":0},"branches":{"total":1,"covered":0,"skipped":0,"pct":0}}
,"C:\\Users\\fjuni\\.copilot\\repos\\bolt.diy-standalone\\app\\routes\\webcontainer.preview.$id.tsx": {"lines":{"total":71,"covered":0,"skipped":0,"pct":0},"functions":{"total":1,"covered":0,"skipped":0,"pct":0},"statements":{"total":71,"covered":0,"skipped":0,"pct":0},"branches":{"total":1,"covered":0,"skipped":0,"pct":0}}
,"C:\\Users\\fjuni\\.copilot\\repos\\bolt.diy-standalone\\app\\types\\GitHub.ts": {"lines":{"total":0,"covered":0,"skipped":0,"pct":0},"functions":{"total":1,"covered":1,"skipped":0,"pct":0},"statements":{"total":0,"covered":0,"skipped":0,"pct":0},"branches":{"total":1,"covered":1,"skipped":0,"pct":0}}
,"C:\\Users\\fjuni\\.copilot\\repos\\bolt.diy-standalone\\app\\types\\GitLab.ts": {"lines":{"total":0,"covered":0,"skipped":0,"pct":0},"functions":{"total":1,"covered":1,"skipped":0,"pct":0},"statements":{"total":0,"covered":0,"skipped":0,"pct":0},"branches":{"total":1,"covered":1,"skipped":0,"pct":0}}
,"C:\\Users\\fjuni\\.copilot\\repos\\bolt.diy-standalone\\app\\types\\actions.ts": {"lines":{"total":0,"covered":0,"skipped":0,"pct":0},"functions":{"total":1,"covered":1,"skipped":0,"pct":0},"statements":{"total":0,"covered":0,"skipped":0,"pct":0},"branches":{"total":1,"covered":1,"skipped":0,"pct":0}}
,"C:\\Users\\fjuni\\.copilot\\repos\\bolt.diy-standalone\\app\\types\\artifact.ts": {"lines":{"total":0,"covered":0,"skipped":0,"pct":0},"functions":{"total":1,"covered":1,"skipped":0,"pct":0},"statements":{"total":0,"covered":0,"skipped":0,"pct":0},"branches":{"total":1,"covered":1,"skipped":0,"pct":0}}
,"C:\\Users\\fjuni\\.copilot\\repos\\bolt.diy-standalone\\app\\types\\context.ts": {"lines":{"total":0,"covered":0,"skipped":0,"pct":0},"functions":{"total":1,"covered":1,"skipped":0,"pct":0},"statements":{"total":0,"covered":0,"skipped":0,"pct":0},"branches":{"total":1,"covered":1,"skipped":0,"pct":0}}
,"C:\\Users\\fjuni\\.copilot\\repos\\bolt.diy-standalone\\app\\types\\design-scheme.ts": {"lines":{"total":84,"covered":0,"skipped":0,"pct":0},"functions":{"total":1,"covered":1,"skipped":0,"pct":100},"statements":{"total":84,"covered":0,"skipped":0,"pct":0},"branches":{"total":1,"covered":1,"skipped":0,"pct":100}}
,"C:\\Users\\fjuni\\.copilot\\repos\\bolt.diy-standalone\\app\\types\\model.ts": {"lines":{"total":0,"covered":0,"skipped":0,"pct":0},"functions":{"total":1,"covered":1,"skipped":0,"pct":0},"statements":{"total":0,"covered":0,"skipped":0,"pct":0},"branches":{"total":1,"covered":1,"skipped":0,"pct":0}}
,"C:\\Users\\fjuni\\.copilot\\repos\\bolt.diy-standalone\\app\\types\\netlify.ts": {"lines":{"total":0,"covered":0,"skipped":0,"pct":0},"functions":{"total":1,"covered":1,"skipped":0,"pct":0},"statements":{"total":0,"covered":0,"skipped":0,"pct":0},"branches":{"total":1,"covered":1,"skipped":0,"pct":0}}
,"C:\\Users\\fjuni\\.copilot\\repos\\bolt.diy-standalone\\app\\types\\template.ts": {"lines":{"total":0,"covered":0,"skipped":0,"pct":0},"functions":{"total":1,"covered":1,"skipped":0,"pct":0},"statements":{"total":0,"covered":0,"skipped":0,"pct":0},"branches":{"total":1,"covered":1,"skipped":0,"pct":0}}
,"C:\\Users\\fjuni\\.copilot\\repos\\bolt.diy-standalone\\app\\types\\terminal.ts": {"lines":{"total":0,"covered":0,"skipped":0,"pct":0},"functions":{"total":1,"covered":1,"skipped":0,"pct":0},"statements":{"total":0,"covered":0,"skipped":0,"pct":0},"branches":{"total":1,"covered":1,"skipped":0,"pct":0}}
,"C:\\Users\\fjuni\\.copilot\\repos\\bolt.diy-standalone\\app\\types\\theme.ts": {"lines":{"total":0,"covered":0,"skipped":0,"pct":0},"functions":{"total":1,"covered":1,"skipped":0,"pct":0},"statements":{"total":0,"covered":0,"skipped":0,"pct":0},"branches":{"total":1,"covered":1,"skipped":0,"pct":0}}
,"C:\\Users\\fjuni\\.copilot\\repos\\bolt.diy-standalone\\app\\types\\vercel.ts": {"lines":{"total":0,"covered":0,"skipped":0,"pct":0},"functions":{"total":1,"covered":1,"skipped":0,"pct":0},"statements":{"total":0,"covered":0,"skipped":0,"pct":0},"branches":{"total":1,"covered":1,"skipped":0,"pct":0}}
,"C:\\Users\\fjuni\\.copilot\\repos\\bolt.diy-standalone\\app\\utils\\buffer.ts": {"lines":{"total":21,"covered":21,"skipped":0,"pct":100},"functions":{"total":2,"covered":2,"skipped":0,"pct":100},"statements":{"total":21,"covered":21,"skipped":0,"pct":100},"branches":{"total":5,"covered":5,"skipped":0,"pct":100}}
,"C:\\Users\\fjuni\\.copilot\\repos\\bolt.diy-standalone\\app\\utils\\classNames.ts": {"lines":{"total":37,"covered":37,"skipped":0,"pct":100},"functions":{"total":3,"covered":3,"skipped":0,"pct":100},"statements":{"total":37,"covered":37,"skipped":0,"pct":100},"branches":{"total":20,"covered":20,"skipped":0,"pct":100}}
,"C:\\Users\\fjuni\\.copilot\\repos\\bolt.diy-standalone\\app\\utils\\constants.ts": {"lines":{"total":139,"covered":139,"skipped":0,"pct":100},"functions":{"total":0,"covered":0,"skipped":0,"pct":100},"statements":{"total":139,"covered":139,"skipped":0,"pct":100},"branches":{"total":1,"covered":1,"skipped":0,"pct":100}}
,"C:\\Users\\fjuni\\.copilot\\repos\\bolt.diy-standalone\\app\\utils\\debounce.ts": {"lines":{"total":11,"covered":0,"skipped":0,"pct":0},"functions":{"total":1,"covered":0,"skipped":0,"pct":0},"statements":{"total":11,"covered":0,"skipped":0,"pct":0},"branches":{"total":1,"covered":0,"skipped":0,"pct":0}}
,"C:\\Users\\fjuni\\.copilot\\repos\\bolt.diy-standalone\\app\\utils\\debugLogger.ts": {"lines":{"total":898,"covered":0,"skipped":0,"pct":0},"functions":{"total":58,"covered":0,"skipped":0,"pct":0},"statements":{"total":898,"covered":0,"skipped":0,"pct":0},"branches":{"total":2,"covered":0,"skipped":0,"pct":0}}
,"C:\\Users\\fjuni\\.copilot\\repos\\bolt.diy-standalone\\app\\utils\\diff.ts": {"lines":{"total":57,"covered":12,"skipped":0,"pct":21.05},"functions":{"total":4,"covered":1,"skipped":0,"pct":25},"statements":{"total":57,"covered":12,"skipped":0,"pct":21.05},"branches":{"total":1,"covered":1,"skipped":0,"pct":100}}
,"C:\\Users\\fjuni\\.copilot\\repos\\bolt.diy-standalone\\app\\utils\\easings.ts": {"lines":{"total":2,"covered":2,"skipped":0,"pct":100},"functions":{"total":0,"covered":0,"skipped":0,"pct":100},"statements":{"total":2,"covered":2,"skipped":0,"pct":100},"branches":{"total":0,"covered":0,"skipped":0,"pct":100}}
,"C:\\Users\\fjuni\\.copilot\\repos\\bolt.diy-standalone\\app\\utils\\fileLocks.ts": {"lines":{"total":51,"covered":11,"skipped":0,"pct":21.56},"functions":{"total":4,"covered":1,"skipped":0,"pct":25},"statements":{"total":51,"covered":11,"skipped":0,"pct":21.56},"branches":{"total":3,"covered":1,"skipped":0,"pct":33.33}}
,"C:\\Users\\fjuni\\.copilot\\repos\\bolt.diy-standalone\\app\\utils\\fileUtils.ts": {"lines":{"total":95,"covered":25,"skipped":0,"pct":26.31},"functions":{"total":6,"covered":1,"skipped":0,"pct":16.66},"statements":{"total":95,"covered":25,"skipped":0,"pct":26.31},"branches":{"total":1,"covered":1,"skipped":0,"pct":100}}
,"C:\\Users\\fjuni\\.copilot\\repos\\bolt.diy-standalone\\app\\utils\\folderImport.ts": {"lines":{"total":58,"covered":0,"skipped":0,"pct":0},"functions":{"total":1,"covered":0,"skipped":0,"pct":0},"statements":{"total":58,"covered":0,"skipped":0,"pct":0},"branches":{"total":1,"covered":0,"skipped":0,"pct":0}}
,"C:\\Users\\fjuni\\.copilot\\repos\\bolt.diy-standalone\\app\\utils\\formatSize.ts": {"lines":{"total":10,"covered":10,"skipped":0,"pct":100},"functions":{"total":1,"covered":1,"skipped":0,"pct":100},"statements":{"total":10,"covered":10,"skipped":0,"pct":100},"branches":{"total":3,"covered":3,"skipped":0,"pct":100}}
,"C:\\Users\\fjuni\\.copilot\\repos\\bolt.diy-standalone\\app\\utils\\getLanguageFromExtension.ts": {"lines":{"total":24,"covered":24,"skipped":0,"pct":100},"functions":{"total":1,"covered":1,"skipped":0,"pct":100},"statements":{"total":24,"covered":24,"skipped":0,"pct":100},"branches":{"total":2,"covered":2,"skipped":0,"pct":100}}
,"C:\\Users\\fjuni\\.copilot\\repos\\bolt.diy-standalone\\app\\utils\\githubStats.ts": {"lines":{"total":5,"covered":0,"skipped":0,"pct":0},"functions":{"total":1,"covered":1,"skipped":0,"pct":100},"statements":{"total":5,"covered":0,"skipped":0,"pct":0},"branches":{"total":1,"covered":1,"skipped":0,"pct":100}}
,"C:\\Users\\fjuni\\.copilot\\repos\\bolt.diy-standalone\\app\\utils\\gitlabStats.ts": {"lines":{"total":48,"covered":0,"skipped":0,"pct":0},"functions":{"total":1,"covered":1,"skipped":0,"pct":100},"statements":{"total":48,"covered":0,"skipped":0,"pct":0},"branches":{"total":1,"covered":1,"skipped":0,"pct":100}}
,"C:\\Users\\fjuni\\.copilot\\repos\\bolt.diy-standalone\\app\\utils\\logger.ts": {"lines":{"total":111,"covered":93,"skipped":0,"pct":83.78},"functions":{"total":18,"covered":15,"skipped":0,"pct":83.33},"statements":{"total":111,"covered":93,"skipped":0,"pct":83.78},"branches":{"total":40,"covered":31,"skipped":0,"pct":77.5}}
,"C:\\Users\\fjuni\\.copilot\\repos\\bolt.diy-standalone\\app\\utils\\markdown.ts": {"lines":{"total":129,"covered":79,"skipped":0,"pct":61.24},"functions":{"total":4,"covered":0,"skipped":0,"pct":0},"statements":{"total":129,"covered":79,"skipped":0,"pct":61.24},"branches":{"total":1,"covered":0,"skipped":0,"pct":0}}
,"C:\\Users\\fjuni\\.copilot\\repos\\bolt.diy-standalone\\app\\utils\\mobile.ts": {"lines":{"total":3,"covered":0,"skipped":0,"pct":0},"functions":{"total":1,"covered":0,"skipped":0,"pct":0},"statements":{"total":3,"covered":0,"skipped":0,"pct":0},"branches":{"total":1,"covered":0,"skipped":0,"pct":0}}
,"C:\\Users\\fjuni\\.copilot\\repos\\bolt.diy-standalone\\app\\utils\\os.ts": {"lines":{"total":3,"covered":0,"skipped":0,"pct":0},"functions":{"total":1,"covered":1,"skipped":0,"pct":100},"statements":{"total":3,"covered":0,"skipped":0,"pct":0},"branches":{"total":1,"covered":1,"skipped":0,"pct":100}}
,"C:\\Users\\fjuni\\.copilot\\repos\\bolt.diy-standalone\\app\\utils\\path.ts": {"lines":{"total":12,"covered":12,"skipped":0,"pct":100},"functions":{"total":9,"covered":0,"skipped":0,"pct":0},"statements":{"total":12,"covered":12,"skipped":0,"pct":100},"branches":{"total":0,"covered":0,"skipped":0,"pct":100}}
,"C:\\Users\\fjuni\\.copilot\\repos\\bolt.diy-standalone\\app\\utils\\projectCommands.ts": {"lines":{"total":125,"covered":123,"skipped":0,"pct":98.4},"functions":{"total":9,"covered":9,"skipped":0,"pct":100},"statements":{"total":125,"covered":123,"skipped":0,"pct":98.4},"branches":{"total":46,"covered":45,"skipped":0,"pct":97.82}}
,"C:\\Users\\fjuni\\.copilot\\repos\\bolt.diy-standalone\\app\\utils\\promises.ts": {"lines":{"total":16,"covered":4,"skipped":0,"pct":25},"functions":{"total":1,"covered":1,"skipped":0,"pct":100},"statements":{"total":16,"covered":4,"skipped":0,"pct":25},"branches":{"total":2,"covered":1,"skipped":0,"pct":50}}
,"C:\\Users\\fjuni\\.copilot\\repos\\bolt.diy-standalone\\app\\utils\\react.ts": {"lines":{"total":3,"covered":0,"skipped":0,"pct":0},"functions":{"total":1,"covered":0,"skipped":0,"pct":0},"statements":{"total":3,"covered":0,"skipped":0,"pct":0},"branches":{"total":1,"covered":0,"skipped":0,"pct":0}}
,"C:\\Users\\fjuni\\.copilot\\repos\\bolt.diy-standalone\\app\\utils\\sampler.ts": {"lines":{"total":29,"covered":7,"skipped":0,"pct":24.13},"functions":{"total":2,"covered":1,"skipped":0,"pct":50},"statements":{"total":29,"covered":7,"skipped":0,"pct":24.13},"branches":{"total":1,"covered":1,"skipped":0,"pct":100}}
,"C:\\Users\\fjuni\\.copilot\\repos\\bolt.diy-standalone\\app\\utils\\selectStarterTemplate.ts": {"lines":{"total":121,"covered":0,"skipped":0,"pct":0},"functions":{"total":1,"covered":0,"skipped":0,"pct":0},"statements":{"total":121,"covered":0,"skipped":0,"pct":0},"branches":{"total":1,"covered":0,"skipped":0,"pct":0}}
,"C:\\Users\\fjuni\\.copilot\\repos\\bolt.diy-standalone\\app\\utils\\shell.ts": {"lines":{"total":257,"covered":31,"skipped":0,"pct":12.06},"functions":{"total":14,"covered":3,"skipped":0,"pct":21.42},"statements":{"total":257,"covered":31,"skipped":0,"pct":12.06},"branches":{"total":4,"covered":4,"skipped":0,"pct":100}}
,"C:\\Users\\fjuni\\.copilot\\repos\\bolt.diy-standalone\\app\\utils\\stacktrace.ts": {"lines":{"total":17,"covered":15,"skipped":0,"pct":88.23},"functions":{"total":2,"covered":2,"skipped":0,"pct":100},"statements":{"total":17,"covered":15,"skipped":0,"pct":88.23},"branches":{"total":6,"covered":4,"skipped":0,"pct":66.66}}
,"C:\\Users\\fjuni\\.copilot\\repos\\bolt.diy-standalone\\app\\utils\\stripIndent.ts": {"lines":{"total":18,"covered":18,"skipped":0,"pct":100},"functions":{"total":2,"covered":2,"skipped":0,"pct":100},"statements":{"total":18,"covered":18,"skipped":0,"pct":100},"branches":{"total":7,"covered":7,"skipped":0,"pct":100}}
,"C:\\Users\\fjuni\\.copilot\\repos\\bolt.diy-standalone\\app\\utils\\terminal.ts": {"lines":{"total":9,"covered":9,"skipped":0,"pct":100},"functions":{"total":1,"covered":0,"skipped":0,"pct":0},"statements":{"total":9,"covered":9,"skipped":0,"pct":100},"branches":{"total":0,"covered":0,"skipped":0,"pct":100}}
,"C:\\Users\\fjuni\\.copilot\\repos\\bolt.diy-standalone\\app\\utils\\unreachable.ts": {"lines":{"total":3,"covered":3,"skipped":0,"pct":100},"functions":{"total":1,"covered":1,"skipped":0,"pct":100},"statements":{"total":3,"covered":3,"skipped":0,"pct":100},"branches":{"total":1,"covered":1,"skipped":0,"pct":100}}
,"C:\\Users\\fjuni\\.copilot\\repos\\bolt.diy-standalone\\app\\utils\\url.ts": {"lines":{"total":31,"covered":31,"skipped":0,"pct":100},"functions":{"total":2,"covered":2,"skipped":0,"pct":100},"statements":{"total":31,"covered":31,"skipped":0,"pct":100},"branches":{"total":11,"covered":11,"skipped":0,"pct":100}}
}
